#
# There is insufficient memory for the Java Runtime Environment to continue.
# Native memory allocation (malloc) failed to allocate 892656 bytes for Chunk::new
# Possible reasons:
#   The system is out of physical RAM or swap space
#   The process is running with CompressedOops enabled, and the Java Heap may be blocking the growth of the native heap
# Possible solutions:
#   Reduce memory load on the system
#   Increase physical memory or swap space
#   Check if swap backing store is full
#   Decrease Java heap size (-Xmx/-Xms)
#   Decrease number of Java threads
#   Decrease Java thread stack sizes (-Xss)
#   Set larger code cache with -XX:ReservedCodeCacheSize=
#   JVM is running with Unscaled Compressed Oops mode in which the Java heap is
#     placed in the first 4GB address space. The Java Heap base address is the
#     maximum limit for the native heap growth. Please use -XX:HeapBaseMinAddress
#     to set the Java Heap base and to place the Java Heap above 4GB virtual address.
# This output file may be truncated or incomplete.
#
#  Out of Memory Error (arena.cpp:189), pid=152, tid=12908
#
# JRE version: OpenJDK Runtime Environment (17.0.7) (build 17.0.7+0-b2043.56-10550314)
# Java VM: OpenJDK 64-Bit Server VM (17.0.7+0-b2043.56-10550314, mixed mode, tiered, compressed oops, compressed class ptrs, g1 gc, windows-amd64)
# No core dump will be written. Minidumps are not enabled by default on client versions of Windows
#

---------------  S U M M A R Y ------------

Command Line: org.jetbrains.kotlin.cli.jvm.K2JVMCompiler @C:\Users\62812\AndroidStudioProjects\SkinWise\app\build\20240613_12091175643912049915.compiler.options

Host: AMD Ryzen 5 5600H with Radeon Graphics         , 12 cores, 7G,  Windows 11 , 64 bit Build 22621 (10.0.22621.3672)
Time: Thu Jun 13 06:05:55 2024 SE Asia Standard Time elapsed time: 18.208307 seconds (0d 0h 0m 18s)

---------------  T H R E A D  ---------------

Current thread (0x0000020046cd49f0):  JavaThread "C2 CompilerThread2" daemon [_thread_in_native, id=12908, stack(0x000000aef4b00000,0x000000aef4c00000)]


Current CompileTask:
C2:  18208 14665       4       jdk.internal.org.objectweb.asm.Frame::execute (2305 bytes)

Stack: [0x000000aef4b00000,0x000000aef4c00000]
Native frames: (J=compiled Java code, j=interpreted, Vv=VM code, C=native code)
V  [jvm.dll+0x683bfa]
V  [jvm.dll+0x8430a4]
V  [jvm.dll+0x8449be]
V  [jvm.dll+0x845023]
V  [jvm.dll+0x24ad2f]
V  [jvm.dll+0xac25c]
V  [jvm.dll+0xac82c]
V  [jvm.dll+0x2b218f]
V  [jvm.dll+0x58c2f7]
V  [jvm.dll+0x225a12]
V  [jvm.dll+0x225def]
V  [jvm.dll+0x21f0b5]
V  [jvm.dll+0x21c56b]
V  [jvm.dll+0x1a605d]
V  [jvm.dll+0x22c148]
V  [jvm.dll+0x22a209]
V  [jvm.dll+0x7f858c]
V  [jvm.dll+0x7f2aea]
V  [jvm.dll+0x682a35]
C  [ucrtbase.dll+0x29333]
C  [KERNEL32.DLL+0x1257d]
C  [ntdll.dll+0x5af28]


---------------  P R O C E S S  ---------------

Threads class SMR info:
_java_thread_list=0x00000200470e5770, length=14, elements={
0x00000200249bef40, 0x000002003e6fd260, 0x000002003e6fded0, 0x000002003e85e900,
0x000002003e860330, 0x000002003e860ce0, 0x000002003e861690, 0x000002003e862420,
0x000002003e8663c0, 0x000002003e880410, 0x000002003e9d31a0, 0x000002003e9d9920,
0x0000020046cd3ac0, 0x0000020046cd49f0
}

Java Threads: ( => current thread )
  0x00000200249bef40 JavaThread "main" [_thread_in_Java, id=18992, stack(0x000000aef2b00000,0x000000aef2c00000)]
  0x000002003e6fd260 JavaThread "Reference Handler" daemon [_thread_blocked, id=17996, stack(0x000000aef3200000,0x000000aef3300000)]
  0x000002003e6fded0 JavaThread "Finalizer" daemon [_thread_blocked, id=232, stack(0x000000aef3300000,0x000000aef3400000)]
  0x000002003e85e900 JavaThread "Signal Dispatcher" daemon [_thread_blocked, id=16668, stack(0x000000aef3400000,0x000000aef3500000)]
  0x000002003e860330 JavaThread "Attach Listener" daemon [_thread_blocked, id=3164, stack(0x000000aef3500000,0x000000aef3600000)]
  0x000002003e860ce0 JavaThread "Service Thread" daemon [_thread_blocked, id=17792, stack(0x000000aef3600000,0x000000aef3700000)]
  0x000002003e861690 JavaThread "Monitor Deflation Thread" daemon [_thread_blocked, id=7768, stack(0x000000aef3700000,0x000000aef3800000)]
  0x000002003e862420 JavaThread "C2 CompilerThread0" daemon [_thread_blocked, id=18200, stack(0x000000aef3800000,0x000000aef3900000)]
  0x000002003e8663c0 JavaThread "C1 CompilerThread0" daemon [_thread_in_native, id=8428, stack(0x000000aef3900000,0x000000aef3a00000)]
  0x000002003e880410 JavaThread "Sweeper thread" daemon [_thread_blocked, id=16828, stack(0x000000aef3a00000,0x000000aef3b00000)]
  0x000002003e9d31a0 JavaThread "Notification Thread" daemon [_thread_blocked, id=17052, stack(0x000000aef3b00000,0x000000aef3c00000)]
  0x000002003e9d9920 JavaThread "Common-Cleaner" daemon [_thread_blocked, id=14664, stack(0x000000aef3d00000,0x000000aef3e00000)]
  0x0000020046cd3ac0 JavaThread "C2 CompilerThread1" daemon [_thread_in_native, id=17552, stack(0x000000aef3e00000,0x000000aef3f00000)]
=>0x0000020046cd49f0 JavaThread "C2 CompilerThread2" daemon [_thread_in_native, id=12908, stack(0x000000aef4b00000,0x000000aef4c00000)]

Other Threads:
  0x000002003e6ea270 VMThread "VM Thread" [stack: 0x000000aef3100000,0x000000aef3200000] [id=4028]
  0x000002003e9d5680 WatcherThread [stack: 0x000000aef3c00000,0x000000aef3d00000] [id=12984]
  0x0000020024a186f0 GCTaskThread "GC Thread#0" [stack: 0x000000aef2c00000,0x000000aef2d00000] [id=5484]
  0x0000020043334f90 GCTaskThread "GC Thread#1" [stack: 0x000000aef3f00000,0x000000aef4000000] [id=18692]
  0x00000200433459c0 GCTaskThread "GC Thread#2" [stack: 0x000000aef4000000,0x000000aef4100000] [id=18032]
  0x0000020043345c70 GCTaskThread "GC Thread#3" [stack: 0x000000aef4100000,0x000000aef4200000] [id=19132]
  0x0000020043345f20 GCTaskThread "GC Thread#4" [stack: 0x000000aef4200000,0x000000aef4300000] [id=588]
  0x00000200433461d0 GCTaskThread "GC Thread#5" [stack: 0x000000aef4300000,0x000000aef4400000] [id=18080]
  0x000002004374f950 GCTaskThread "GC Thread#6" [stack: 0x000000aef4400000,0x000000aef4500000] [id=16720]
  0x000002004374fc00 GCTaskThread "GC Thread#7" [stack: 0x000000aef4500000,0x000000aef4600000] [id=13736]
  0x00000200438ba3c0 GCTaskThread "GC Thread#8" [stack: 0x000000aef4900000,0x000000aef4a00000] [id=14408]
  0x00000200438babd0 GCTaskThread "GC Thread#9" [stack: 0x000000aef4800000,0x000000aef4900000] [id=18064]
  0x0000020024a28330 ConcurrentGCThread "G1 Main Marker" [stack: 0x000000aef2d00000,0x000000aef2e00000] [id=12792]
  0x0000020024a294e0 ConcurrentGCThread "G1 Conc#0" [stack: 0x000000aef2e00000,0x000000aef2f00000] [id=18268]
  0x0000020043711020 ConcurrentGCThread "G1 Conc#1" [stack: 0x000000aef4600000,0x000000aef4700000] [id=18176]
  0x00000200437112d0 ConcurrentGCThread "G1 Conc#2" [stack: 0x000000aef4700000,0x000000aef4800000] [id=9552]
  0x0000020024a7e2a0 ConcurrentGCThread "G1 Refine#0" [stack: 0x000000aef2f00000,0x000000aef3000000] [id=14420]
  0x00000200437c9130 ConcurrentGCThread "G1 Refine#1" [stack: 0x000000aef4a00000,0x000000aef4b00000] [id=16508]
  0x0000020024a7ecc0 ConcurrentGCThread "G1 Service" [stack: 0x000000aef3000000,0x000000aef3100000] [id=2572]

Threads with active compile tasks:
C1 CompilerThread0    18221 14748       3       org.jetbrains.kotlin.psi.psiUtil.PsiUtilsKt::getStartOffsetSkippingComments (125 bytes)
C2 CompilerThread1    18221 14746       4       org.jetbrains.kotlin.psi.KtPsiUtil::safeDeparenthesize (14 bytes)
C2 CompilerThread2    18221 14665       4       jdk.internal.org.objectweb.asm.Frame::execute (2305 bytes)

VM state: not at safepoint (normal execution)

VM Mutex/Monitor currently owned by a thread: None

Heap address: 0x0000000089800000, size: 1896 MB, Compressed Oops mode: 32-bit

CDS archive(s) not mapped
Compressed class space mapped at: 0x0000000100000000-0x0000000140000000, reserved size: 1073741824
Narrow klass base: 0x0000000000000000, Narrow klass shift: 3, Narrow klass range: 0x140000000

GC Precious Log:
 CPUs: 12 total, 12 available
 Memory: 7583M
 Large Page Support: Disabled
 NUMA Support: Disabled
 Compressed Oops: Enabled (32-bit)
 Heap Region Size: 1M
 Heap Min Capacity: 8M
 Heap Initial Capacity: 120M
 Heap Max Capacity: 1896M
 Pre-touch: Disabled
 Parallel Workers: 10
 Concurrent Workers: 3
 Concurrent Refinement Workers: 10
 Periodic GC: Disabled

Heap:
 garbage-first heap   total 313344K, used 183516K [0x0000000089800000, 0x0000000100000000)
  region size 1024K, 97 young (99328K), 17 survivors (17408K)
 Metaspace       used 71568K, committed 71936K, reserved 1114112K
  class space    used 7898K, committed 8064K, reserved 1048576K

Heap Regions: E=young(eden), S=young(survivor), O=old, HS=humongous(starts), HC=humongous(continues), CS=collection set, F=free, OA=open archive, CA=closed archive, TAMS=top-at-mark-start (previous, next)
|   0|0x0000000089800000, 0x0000000089900000, 0x0000000089900000|100%|HS|  |TAMS 0x0000000089900000, 0x0000000089800000| Complete 
|   1|0x0000000089900000, 0x0000000089a00000, 0x0000000089a00000|100%|HC|  |TAMS 0x0000000089a00000, 0x0000000089900000| Complete 
|   2|0x0000000089a00000, 0x0000000089b00000, 0x0000000089b00000|100%|HC|  |TAMS 0x0000000089b00000, 0x0000000089a00000| Complete 
|   3|0x0000000089b00000, 0x0000000089c00000, 0x0000000089c00000|100%|HC|  |TAMS 0x0000000089c00000, 0x0000000089b00000| Complete 
|   4|0x0000000089c00000, 0x0000000089d00000, 0x0000000089d00000|100%| O|  |TAMS 0x0000000089d00000, 0x0000000089c00000| Untracked 
|   5|0x0000000089d00000, 0x0000000089e00000, 0x0000000089e00000|100%| O|  |TAMS 0x0000000089e00000, 0x0000000089d00000| Untracked 
|   6|0x0000000089e00000, 0x0000000089f00000, 0x0000000089f00000|100%| O|  |TAMS 0x0000000089f00000, 0x0000000089e00000| Untracked 
|   7|0x0000000089f00000, 0x000000008a000000, 0x000000008a000000|100%| O|  |TAMS 0x000000008a000000, 0x0000000089f00000| Untracked 
|   8|0x000000008a000000, 0x000000008a100000, 0x000000008a100000|100%| O|  |TAMS 0x000000008a100000, 0x000000008a000000| Untracked 
|   9|0x000000008a100000, 0x000000008a200000, 0x000000008a200000|100%| O|  |TAMS 0x000000008a200000, 0x000000008a100000| Untracked 
|  10|0x000000008a200000, 0x000000008a300000, 0x000000008a300000|100%| O|  |TAMS 0x000000008a300000, 0x000000008a200000| Untracked 
|  11|0x000000008a300000, 0x000000008a400000, 0x000000008a400000|100%| O|  |TAMS 0x000000008a400000, 0x000000008a300000| Untracked 
|  12|0x000000008a400000, 0x000000008a500000, 0x000000008a500000|100%| O|  |TAMS 0x000000008a500000, 0x000000008a400000| Untracked 
|  13|0x000000008a500000, 0x000000008a600000, 0x000000008a600000|100%| O|  |TAMS 0x000000008a600000, 0x000000008a500000| Untracked 
|  14|0x000000008a600000, 0x000000008a700000, 0x000000008a700000|100%| O|  |TAMS 0x000000008a700000, 0x000000008a600000| Untracked 
|  15|0x000000008a700000, 0x000000008a800000, 0x000000008a800000|100%| O|  |TAMS 0x000000008a800000, 0x000000008a700000| Untracked 
|  16|0x000000008a800000, 0x000000008a900000, 0x000000008a900000|100%| O|  |TAMS 0x000000008a900000, 0x000000008a800000| Untracked 
|  17|0x000000008a900000, 0x000000008aa00000, 0x000000008aa00000|100%| O|  |TAMS 0x000000008aa00000, 0x000000008a900000| Untracked 
|  18|0x000000008aa00000, 0x000000008ab00000, 0x000000008ab00000|100%| O|  |TAMS 0x000000008ab00000, 0x000000008aa00000| Untracked 
|  19|0x000000008ab00000, 0x000000008ac00000, 0x000000008ac00000|100%| O|  |TAMS 0x000000008ac00000, 0x000000008ab00000| Untracked 
|  20|0x000000008ac00000, 0x000000008ad00000, 0x000000008ad00000|100%| O|  |TAMS 0x000000008ad00000, 0x000000008ac00000| Untracked 
|  21|0x000000008ad00000, 0x000000008ae00000, 0x000000008ae00000|100%|HS|  |TAMS 0x000000008ae00000, 0x000000008ad00000| Complete 
|  22|0x000000008ae00000, 0x000000008af00000, 0x000000008af00000|100%|HC|  |TAMS 0x000000008af00000, 0x000000008ae00000| Complete 
|  23|0x000000008af00000, 0x000000008aff9e00, 0x000000008b000000| 97%| O|  |TAMS 0x000000008aff9e00, 0x000000008af00000| Untracked 
|  24|0x000000008b000000, 0x000000008b100000, 0x000000008b100000|100%| O|  |TAMS 0x000000008b100000, 0x000000008b000000| Untracked 
|  25|0x000000008b100000, 0x000000008b200000, 0x000000008b200000|100%| O|  |TAMS 0x000000008b200000, 0x000000008b100000| Untracked 
|  26|0x000000008b200000, 0x000000008b300000, 0x000000008b300000|100%| O|  |TAMS 0x000000008b300000, 0x000000008b200000| Untracked 
|  27|0x000000008b300000, 0x000000008b400000, 0x000000008b400000|100%| O|  |TAMS 0x000000008b400000, 0x000000008b300000| Untracked 
|  28|0x000000008b400000, 0x000000008b500000, 0x000000008b500000|100%| O|  |TAMS 0x000000008b500000, 0x000000008b400000| Untracked 
|  29|0x000000008b500000, 0x000000008b600000, 0x000000008b600000|100%| O|  |TAMS 0x000000008b600000, 0x000000008b500000| Untracked 
|  30|0x000000008b600000, 0x000000008b700000, 0x000000008b700000|100%| O|  |TAMS 0x000000008b700000, 0x000000008b600000| Untracked 
|  31|0x000000008b700000, 0x000000008b800000, 0x000000008b800000|100%| O|  |TAMS 0x000000008b800000, 0x000000008b700000| Untracked 
|  32|0x000000008b800000, 0x000000008b900000, 0x000000008b900000|100%| O|  |TAMS 0x000000008b900000, 0x000000008b800000| Untracked 
|  33|0x000000008b900000, 0x000000008ba00000, 0x000000008ba00000|100%| O|  |TAMS 0x000000008ba00000, 0x000000008b900000| Untracked 
|  34|0x000000008ba00000, 0x000000008bb00000, 0x000000008bb00000|100%| O|  |TAMS 0x000000008bb00000, 0x000000008ba00000| Untracked 
|  35|0x000000008bb00000, 0x000000008bc00000, 0x000000008bc00000|100%| O|  |TAMS 0x000000008bc00000, 0x000000008bb00000| Untracked 
|  36|0x000000008bc00000, 0x000000008bd00000, 0x000000008bd00000|100%| O|  |TAMS 0x000000008bd00000, 0x000000008bc00000| Untracked 
|  37|0x000000008bd00000, 0x000000008be00000, 0x000000008be00000|100%| O|  |TAMS 0x000000008be00000, 0x000000008bd00000| Untracked 
|  38|0x000000008be00000, 0x000000008bf00000, 0x000000008bf00000|100%| O|  |TAMS 0x000000008bf00000, 0x000000008be00000| Untracked 
|  39|0x000000008bf00000, 0x000000008c000000, 0x000000008c000000|100%| O|  |TAMS 0x000000008c000000, 0x000000008bf00000| Untracked 
|  40|0x000000008c000000, 0x000000008c100000, 0x000000008c100000|100%| O|  |TAMS 0x000000008c100000, 0x000000008c000000| Untracked 
|  41|0x000000008c100000, 0x000000008c200000, 0x000000008c200000|100%| O|  |TAMS 0x000000008c200000, 0x000000008c100000| Untracked 
|  42|0x000000008c200000, 0x000000008c200000, 0x000000008c300000|  0%| F|  |TAMS 0x000000008c200000, 0x000000008c200000| Untracked 
|  43|0x000000008c300000, 0x000000008c400000, 0x000000008c400000|100%| O|  |TAMS 0x000000008c400000, 0x000000008c300000| Untracked 
|  44|0x000000008c400000, 0x000000008c500000, 0x000000008c500000|100%| O|  |TAMS 0x000000008c500000, 0x000000008c400000| Untracked 
|  45|0x000000008c500000, 0x000000008c600000, 0x000000008c600000|100%| O|  |TAMS 0x000000008c600000, 0x000000008c500000| Untracked 
|  46|0x000000008c600000, 0x000000008c700000, 0x000000008c700000|100%| O|  |TAMS 0x000000008c700000, 0x000000008c600000| Untracked 
|  47|0x000000008c700000, 0x000000008c800000, 0x000000008c800000|100%| O|  |TAMS 0x000000008c800000, 0x000000008c700000| Untracked 
|  48|0x000000008c800000, 0x000000008c900000, 0x000000008c900000|100%| O|  |TAMS 0x000000008c900000, 0x000000008c800000| Untracked 
|  49|0x000000008c900000, 0x000000008ca00000, 0x000000008ca00000|100%| O|  |TAMS 0x000000008ca00000, 0x000000008c900000| Untracked 
|  50|0x000000008ca00000, 0x000000008cb00000, 0x000000008cb00000|100%| O|  |TAMS 0x000000008cb00000, 0x000000008ca00000| Untracked 
|  51|0x000000008cb00000, 0x000000008cc00000, 0x000000008cc00000|100%| O|  |TAMS 0x000000008cc00000, 0x000000008cb00000| Untracked 
|  52|0x000000008cc00000, 0x000000008cd00000, 0x000000008cd00000|100%| O|  |TAMS 0x000000008cd00000, 0x000000008cc00000| Untracked 
|  53|0x000000008cd00000, 0x000000008ce00000, 0x000000008ce00000|100%| O|  |TAMS 0x000000008ce00000, 0x000000008cd00000| Untracked 
|  54|0x000000008ce00000, 0x000000008cf00000, 0x000000008cf00000|100%| O|  |TAMS 0x000000008cf00000, 0x000000008ce00000| Untracked 
|  55|0x000000008cf00000, 0x000000008d000000, 0x000000008d000000|100%|HS|  |TAMS 0x000000008cf00000, 0x000000008cf00000| Complete 
|  56|0x000000008d000000, 0x000000008d100000, 0x000000008d100000|100%| O|  |TAMS 0x000000008d100000, 0x000000008d000000| Untracked 
|  57|0x000000008d100000, 0x000000008d200000, 0x000000008d200000|100%| O|  |TAMS 0x000000008d200000, 0x000000008d100000| Untracked 
|  58|0x000000008d200000, 0x000000008d300000, 0x000000008d300000|100%| O|  |TAMS 0x000000008d300000, 0x000000008d200000| Untracked 
|  59|0x000000008d300000, 0x000000008d400000, 0x000000008d400000|100%| O|  |TAMS 0x000000008d400000, 0x000000008d300000| Untracked 
|  60|0x000000008d400000, 0x000000008d500000, 0x000000008d500000|100%| O|  |TAMS 0x000000008d500000, 0x000000008d400000| Untracked 
|  61|0x000000008d500000, 0x000000008d600000, 0x000000008d600000|100%| O|  |TAMS 0x000000008d600000, 0x000000008d500000| Untracked 
|  62|0x000000008d600000, 0x000000008d700000, 0x000000008d700000|100%| O|  |TAMS 0x000000008d700000, 0x000000008d600000| Untracked 
|  63|0x000000008d700000, 0x000000008d800000, 0x000000008d800000|100%| O|  |TAMS 0x000000008d800000, 0x000000008d700000| Untracked 
|  64|0x000000008d800000, 0x000000008d900000, 0x000000008d900000|100%| O|  |TAMS 0x000000008d900000, 0x000000008d800000| Untracked 
|  65|0x000000008d900000, 0x000000008da00000, 0x000000008da00000|100%| O|  |TAMS 0x000000008da00000, 0x000000008d900000| Untracked 
|  66|0x000000008da00000, 0x000000008db00000, 0x000000008db00000|100%|HS|  |TAMS 0x000000008db00000, 0x000000008da00000| Complete 
|  67|0x000000008db00000, 0x000000008dc00000, 0x000000008dc00000|100%|HC|  |TAMS 0x000000008dc00000, 0x000000008db00000| Complete 
|  68|0x000000008dc00000, 0x000000008dd00000, 0x000000008dd00000|100%| O|  |TAMS 0x000000008dd00000, 0x000000008dc00000| Untracked 
|  69|0x000000008dd00000, 0x000000008de00000, 0x000000008de00000|100%| O|  |TAMS 0x000000008de00000, 0x000000008dd00000| Untracked 
|  70|0x000000008de00000, 0x000000008df00000, 0x000000008df00000|100%| O|  |TAMS 0x000000008df00000, 0x000000008de00000| Untracked 
|  71|0x000000008df00000, 0x000000008e000000, 0x000000008e000000|100%| O|  |TAMS 0x000000008e000000, 0x000000008df00000| Untracked 
|  72|0x000000008e000000, 0x000000008e100000, 0x000000008e100000|100%| O|  |TAMS 0x000000008e100000, 0x000000008e000000| Untracked 
|  73|0x000000008e100000, 0x000000008e200000, 0x000000008e200000|100%| O|  |TAMS 0x000000008e200000, 0x000000008e100000| Untracked 
|  74|0x000000008e200000, 0x000000008e300000, 0x000000008e300000|100%| O|  |TAMS 0x000000008e300000, 0x000000008e200000| Untracked 
|  75|0x000000008e300000, 0x000000008e400000, 0x000000008e400000|100%| O|  |TAMS 0x000000008e400000, 0x000000008e300000| Untracked 
|  76|0x000000008e400000, 0x000000008e500000, 0x000000008e500000|100%| O|  |TAMS 0x000000008e500000, 0x000000008e400000| Untracked 
|  77|0x000000008e500000, 0x000000008e600000, 0x000000008e600000|100%| O|  |TAMS 0x000000008e5a8800, 0x000000008e500000| Untracked 
|  78|0x000000008e600000, 0x000000008e700000, 0x000000008e700000|100%| O|  |TAMS 0x000000008e600000, 0x000000008e600000| Untracked 
|  79|0x000000008e700000, 0x000000008e800000, 0x000000008e800000|100%| O|  |TAMS 0x000000008e700000, 0x000000008e700000| Untracked 
|  80|0x000000008e800000, 0x000000008e900000, 0x000000008e900000|100%| O|  |TAMS 0x000000008e800000, 0x000000008e800000| Untracked 
|  81|0x000000008e900000, 0x000000008ea00000, 0x000000008ea00000|100%| O|  |TAMS 0x000000008e900000, 0x000000008e900000| Untracked 
|  82|0x000000008ea00000, 0x000000008eb00000, 0x000000008eb00000|100%| O|  |TAMS 0x000000008ea00000, 0x000000008ea00000| Untracked 
|  83|0x000000008eb00000, 0x000000008ec00000, 0x000000008ec00000|100%| O|  |TAMS 0x000000008eb00000, 0x000000008eb00000| Untracked 
|  84|0x000000008ec00000, 0x000000008ecaa200, 0x000000008ed00000| 66%| O|  |TAMS 0x000000008ec00000, 0x000000008ec00000| Untracked 
|  85|0x000000008ed00000, 0x000000008ed00000, 0x000000008ee00000|  0%| F|  |TAMS 0x000000008ed00000, 0x000000008ed00000| Untracked 
|  86|0x000000008ee00000, 0x000000008ee00000, 0x000000008ef00000|  0%| F|  |TAMS 0x000000008ee00000, 0x000000008ee00000| Untracked 
|  87|0x000000008ef00000, 0x000000008ef00000, 0x000000008f000000|  0%| F|  |TAMS 0x000000008ef00000, 0x000000008ef00000| Untracked 
|  88|0x000000008f000000, 0x000000008f000000, 0x000000008f100000|  0%| F|  |TAMS 0x000000008f000000, 0x000000008f000000| Untracked 
|  89|0x000000008f100000, 0x000000008f100000, 0x000000008f200000|  0%| F|  |TAMS 0x000000008f100000, 0x000000008f100000| Untracked 
|  90|0x000000008f200000, 0x000000008f200000, 0x000000008f300000|  0%| F|  |TAMS 0x000000008f200000, 0x000000008f200000| Untracked 
|  91|0x000000008f300000, 0x000000008f300000, 0x000000008f400000|  0%| F|  |TAMS 0x000000008f300000, 0x000000008f300000| Untracked 
|  92|0x000000008f400000, 0x000000008f400000, 0x000000008f500000|  0%| F|  |TAMS 0x000000008f400000, 0x000000008f400000| Untracked 
|  93|0x000000008f500000, 0x000000008f500000, 0x000000008f600000|  0%| F|  |TAMS 0x000000008f500000, 0x000000008f500000| Untracked 
|  94|0x000000008f600000, 0x000000008f600000, 0x000000008f700000|  0%| F|  |TAMS 0x000000008f600000, 0x000000008f600000| Untracked 
|  95|0x000000008f700000, 0x000000008f700000, 0x000000008f800000|  0%| F|  |TAMS 0x000000008f700000, 0x000000008f700000| Untracked 
|  96|0x000000008f800000, 0x000000008f800000, 0x000000008f900000|  0%| F|  |TAMS 0x000000008f800000, 0x000000008f800000| Untracked 
|  97|0x000000008f900000, 0x000000008f900000, 0x000000008fa00000|  0%| F|  |TAMS 0x000000008f900000, 0x000000008f900000| Untracked 
|  98|0x000000008fa00000, 0x000000008fa00000, 0x000000008fb00000|  0%| F|  |TAMS 0x000000008fa00000, 0x000000008fa00000| Untracked 
|  99|0x000000008fb00000, 0x000000008fb00000, 0x000000008fc00000|  0%| F|  |TAMS 0x000000008fb00000, 0x000000008fb00000| Untracked 
| 100|0x000000008fc00000, 0x000000008fc00000, 0x000000008fd00000|  0%| F|  |TAMS 0x000000008fc00000, 0x000000008fc00000| Untracked 
| 101|0x000000008fd00000, 0x000000008fd00000, 0x000000008fe00000|  0%| F|  |TAMS 0x000000008fd00000, 0x000000008fd00000| Untracked 
| 102|0x000000008fe00000, 0x000000008fe00000, 0x000000008ff00000|  0%| F|  |TAMS 0x000000008fe00000, 0x000000008fe00000| Untracked 
| 103|0x000000008ff00000, 0x000000008ff00000, 0x0000000090000000|  0%| F|  |TAMS 0x000000008ff00000, 0x000000008ff00000| Untracked 
| 104|0x0000000090000000, 0x0000000090000000, 0x0000000090100000|  0%| F|  |TAMS 0x0000000090000000, 0x0000000090000000| Untracked 
| 105|0x0000000090100000, 0x0000000090100000, 0x0000000090200000|  0%| F|  |TAMS 0x0000000090100000, 0x0000000090100000| Untracked 
| 106|0x0000000090200000, 0x0000000090200000, 0x0000000090300000|  0%| F|  |TAMS 0x0000000090200000, 0x0000000090200000| Untracked 
| 107|0x0000000090300000, 0x0000000090300000, 0x0000000090400000|  0%| F|  |TAMS 0x0000000090300000, 0x0000000090300000| Untracked 
| 108|0x0000000090400000, 0x0000000090400000, 0x0000000090500000|  0%| F|  |TAMS 0x0000000090400000, 0x0000000090400000| Untracked 
| 109|0x0000000090500000, 0x0000000090500000, 0x0000000090600000|  0%| F|  |TAMS 0x0000000090500000, 0x0000000090500000| Untracked 
| 110|0x0000000090600000, 0x0000000090600000, 0x0000000090700000|  0%| F|  |TAMS 0x0000000090600000, 0x0000000090600000| Untracked 
| 111|0x0000000090700000, 0x0000000090700000, 0x0000000090800000|  0%| F|  |TAMS 0x0000000090700000, 0x0000000090700000| Untracked 
| 112|0x0000000090800000, 0x0000000090800000, 0x0000000090900000|  0%| F|  |TAMS 0x0000000090800000, 0x0000000090800000| Untracked 
| 113|0x0000000090900000, 0x0000000090900000, 0x0000000090a00000|  0%| F|  |TAMS 0x0000000090900000, 0x0000000090900000| Untracked 
| 114|0x0000000090a00000, 0x0000000090a00000, 0x0000000090b00000|  0%| F|  |TAMS 0x0000000090a00000, 0x0000000090a00000| Untracked 
| 115|0x0000000090b00000, 0x0000000090b00000, 0x0000000090c00000|  0%| F|  |TAMS 0x0000000090b00000, 0x0000000090b00000| Untracked 
| 116|0x0000000090c00000, 0x0000000090c00000, 0x0000000090d00000|  0%| F|  |TAMS 0x0000000090c00000, 0x0000000090c00000| Untracked 
| 117|0x0000000090d00000, 0x0000000090d00000, 0x0000000090e00000|  0%| F|  |TAMS 0x0000000090d00000, 0x0000000090d00000| Untracked 
| 118|0x0000000090e00000, 0x0000000090e00000, 0x0000000090f00000|  0%| F|  |TAMS 0x0000000090e00000, 0x0000000090e00000| Untracked 
| 119|0x0000000090f00000, 0x0000000090f00000, 0x0000000091000000|  0%| F|  |TAMS 0x0000000090f00000, 0x0000000090f00000| Untracked 
| 120|0x0000000091000000, 0x0000000091000000, 0x0000000091100000|  0%| F|  |TAMS 0x0000000091000000, 0x0000000091000000| Untracked 
| 121|0x0000000091100000, 0x0000000091100000, 0x0000000091200000|  0%| F|  |TAMS 0x0000000091100000, 0x0000000091100000| Untracked 
| 122|0x0000000091200000, 0x0000000091200000, 0x0000000091300000|  0%| F|  |TAMS 0x0000000091200000, 0x0000000091200000| Untracked 
| 123|0x0000000091300000, 0x0000000091300000, 0x0000000091400000|  0%| F|  |TAMS 0x0000000091300000, 0x0000000091300000| Untracked 
| 124|0x0000000091400000, 0x0000000091400000, 0x0000000091500000|  0%| F|  |TAMS 0x0000000091400000, 0x0000000091400000| Untracked 
| 125|0x0000000091500000, 0x0000000091500000, 0x0000000091600000|  0%| F|  |TAMS 0x0000000091500000, 0x0000000091500000| Untracked 
| 126|0x0000000091600000, 0x0000000091600000, 0x0000000091700000|  0%| F|  |TAMS 0x0000000091600000, 0x0000000091600000| Untracked 
| 127|0x0000000091700000, 0x0000000091700000, 0x0000000091800000|  0%| F|  |TAMS 0x0000000091700000, 0x0000000091700000| Untracked 
| 128|0x0000000091800000, 0x0000000091800000, 0x0000000091900000|  0%| F|  |TAMS 0x0000000091800000, 0x0000000091800000| Untracked 
| 129|0x0000000091900000, 0x0000000091900000, 0x0000000091a00000|  0%| F|  |TAMS 0x0000000091900000, 0x0000000091900000| Untracked 
| 130|0x0000000091a00000, 0x0000000091a00000, 0x0000000091b00000|  0%| F|  |TAMS 0x0000000091a00000, 0x0000000091a00000| Untracked 
| 131|0x0000000091b00000, 0x0000000091b00000, 0x0000000091c00000|  0%| F|  |TAMS 0x0000000091b00000, 0x0000000091b00000| Untracked 
| 132|0x0000000091c00000, 0x0000000091c00000, 0x0000000091d00000|  0%| F|  |TAMS 0x0000000091c00000, 0x0000000091c00000| Untracked 
| 133|0x0000000091d00000, 0x0000000091d00000, 0x0000000091e00000|  0%| F|  |TAMS 0x0000000091d00000, 0x0000000091d00000| Untracked 
| 134|0x0000000091e00000, 0x0000000091e00000, 0x0000000091f00000|  0%| F|  |TAMS 0x0000000091e00000, 0x0000000091e00000| Untracked 
| 135|0x0000000091f00000, 0x0000000091f00000, 0x0000000092000000|  0%| F|  |TAMS 0x0000000091f00000, 0x0000000091f00000| Untracked 
| 136|0x0000000092000000, 0x0000000092000000, 0x0000000092100000|  0%| F|  |TAMS 0x0000000092000000, 0x0000000092000000| Untracked 
| 137|0x0000000092100000, 0x0000000092100000, 0x0000000092200000|  0%| F|  |TAMS 0x0000000092100000, 0x0000000092100000| Untracked 
| 138|0x0000000092200000, 0x0000000092200000, 0x0000000092300000|  0%| F|  |TAMS 0x0000000092200000, 0x0000000092200000| Untracked 
| 139|0x0000000092300000, 0x0000000092300000, 0x0000000092400000|  0%| F|  |TAMS 0x0000000092300000, 0x0000000092300000| Untracked 
| 140|0x0000000092400000, 0x0000000092400000, 0x0000000092500000|  0%| F|  |TAMS 0x0000000092400000, 0x0000000092400000| Untracked 
| 141|0x0000000092500000, 0x0000000092500000, 0x0000000092600000|  0%| F|  |TAMS 0x0000000092500000, 0x0000000092500000| Untracked 
| 142|0x0000000092600000, 0x0000000092600000, 0x0000000092700000|  0%| F|  |TAMS 0x0000000092600000, 0x0000000092600000| Untracked 
| 143|0x0000000092700000, 0x0000000092700000, 0x0000000092800000|  0%| F|  |TAMS 0x0000000092700000, 0x0000000092700000| Untracked 
| 144|0x0000000092800000, 0x0000000092800000, 0x0000000092900000|  0%| F|  |TAMS 0x0000000092800000, 0x0000000092800000| Untracked 
| 145|0x0000000092900000, 0x0000000092900000, 0x0000000092a00000|  0%| F|  |TAMS 0x0000000092900000, 0x0000000092900000| Untracked 
| 146|0x0000000092a00000, 0x0000000092a00000, 0x0000000092b00000|  0%| F|  |TAMS 0x0000000092a00000, 0x0000000092a00000| Untracked 
| 147|0x0000000092b00000, 0x0000000092b00000, 0x0000000092c00000|  0%| F|  |TAMS 0x0000000092b00000, 0x0000000092b00000| Untracked 
| 148|0x0000000092c00000, 0x0000000092c00000, 0x0000000092d00000|  0%| F|  |TAMS 0x0000000092c00000, 0x0000000092c00000| Untracked 
| 149|0x0000000092d00000, 0x0000000092d00000, 0x0000000092e00000|  0%| F|  |TAMS 0x0000000092d00000, 0x0000000092d00000| Untracked 
| 150|0x0000000092e00000, 0x0000000092e00000, 0x0000000092f00000|  0%| F|  |TAMS 0x0000000092e00000, 0x0000000092e00000| Untracked 
| 151|0x0000000092f00000, 0x0000000092f00000, 0x0000000093000000|  0%| F|  |TAMS 0x0000000092f00000, 0x0000000092f00000| Untracked 
| 152|0x0000000093000000, 0x0000000093000000, 0x0000000093100000|  0%| F|  |TAMS 0x0000000093000000, 0x0000000093000000| Untracked 
| 153|0x0000000093100000, 0x0000000093100000, 0x0000000093200000|  0%| F|  |TAMS 0x0000000093100000, 0x0000000093100000| Untracked 
| 154|0x0000000093200000, 0x0000000093200000, 0x0000000093300000|  0%| F|  |TAMS 0x0000000093200000, 0x0000000093200000| Untracked 
| 155|0x0000000093300000, 0x0000000093300000, 0x0000000093400000|  0%| F|  |TAMS 0x0000000093300000, 0x0000000093300000| Untracked 
| 156|0x0000000093400000, 0x0000000093400000, 0x0000000093500000|  0%| F|  |TAMS 0x0000000093400000, 0x0000000093400000| Untracked 
| 157|0x0000000093500000, 0x0000000093500000, 0x0000000093600000|  0%| F|  |TAMS 0x0000000093500000, 0x0000000093500000| Untracked 
| 158|0x0000000093600000, 0x0000000093600000, 0x0000000093700000|  0%| F|  |TAMS 0x0000000093600000, 0x0000000093600000| Untracked 
| 159|0x0000000093700000, 0x0000000093793320, 0x0000000093800000| 57%| S|CS|TAMS 0x0000000093700000, 0x0000000093700000| Complete 
| 160|0x0000000093800000, 0x0000000093900000, 0x0000000093900000|100%| S|CS|TAMS 0x0000000093800000, 0x0000000093800000| Complete 
| 161|0x0000000093900000, 0x0000000093a00000, 0x0000000093a00000|100%| S|CS|TAMS 0x0000000093900000, 0x0000000093900000| Complete 
| 162|0x0000000093a00000, 0x0000000093b00000, 0x0000000093b00000|100%| S|CS|TAMS 0x0000000093a00000, 0x0000000093a00000| Complete 
| 163|0x0000000093b00000, 0x0000000093c00000, 0x0000000093c00000|100%| S|CS|TAMS 0x0000000093b00000, 0x0000000093b00000| Complete 
| 164|0x0000000093c00000, 0x0000000093d00000, 0x0000000093d00000|100%| S|CS|TAMS 0x0000000093c00000, 0x0000000093c00000| Complete 
| 165|0x0000000093d00000, 0x0000000093e00000, 0x0000000093e00000|100%| S|CS|TAMS 0x0000000093d00000, 0x0000000093d00000| Complete 
| 166|0x0000000093e00000, 0x0000000093f00000, 0x0000000093f00000|100%| S|CS|TAMS 0x0000000093e00000, 0x0000000093e00000| Complete 
| 167|0x0000000093f00000, 0x0000000094000000, 0x0000000094000000|100%| S|CS|TAMS 0x0000000093f00000, 0x0000000093f00000| Complete 
| 168|0x0000000094000000, 0x0000000094100000, 0x0000000094100000|100%| S|CS|TAMS 0x0000000094000000, 0x0000000094000000| Complete 
| 169|0x0000000094100000, 0x0000000094200000, 0x0000000094200000|100%| S|CS|TAMS 0x0000000094100000, 0x0000000094100000| Complete 
| 170|0x0000000094200000, 0x0000000094300000, 0x0000000094300000|100%| S|CS|TAMS 0x0000000094200000, 0x0000000094200000| Complete 
| 171|0x0000000094300000, 0x0000000094400000, 0x0000000094400000|100%| S|CS|TAMS 0x0000000094300000, 0x0000000094300000| Complete 
| 172|0x0000000094400000, 0x0000000094500000, 0x0000000094500000|100%| S|CS|TAMS 0x0000000094400000, 0x0000000094400000| Complete 
| 173|0x0000000094500000, 0x0000000094600000, 0x0000000094600000|100%| S|CS|TAMS 0x0000000094500000, 0x0000000094500000| Complete 
| 174|0x0000000094600000, 0x0000000094700000, 0x0000000094700000|100%| S|CS|TAMS 0x0000000094600000, 0x0000000094600000| Complete 
| 175|0x0000000094700000, 0x0000000094800000, 0x0000000094800000|100%| S|CS|TAMS 0x0000000094700000, 0x0000000094700000| Complete 
| 176|0x0000000094800000, 0x0000000094800000, 0x0000000094900000|  0%| F|  |TAMS 0x0000000094800000, 0x0000000094800000| Untracked 
| 177|0x0000000094900000, 0x0000000094900000, 0x0000000094a00000|  0%| F|  |TAMS 0x0000000094900000, 0x0000000094900000| Untracked 
| 178|0x0000000094a00000, 0x0000000094a00000, 0x0000000094b00000|  0%| F|  |TAMS 0x0000000094a00000, 0x0000000094a00000| Untracked 
| 179|0x0000000094b00000, 0x0000000094b00000, 0x0000000094c00000|  0%| F|  |TAMS 0x0000000094b00000, 0x0000000094b00000| Untracked 
| 180|0x0000000094c00000, 0x0000000094c00000, 0x0000000094d00000|  0%| F|  |TAMS 0x0000000094c00000, 0x0000000094c00000| Untracked 
| 181|0x0000000094d00000, 0x0000000094d00000, 0x0000000094e00000|  0%| F|  |TAMS 0x0000000094d00000, 0x0000000094d00000| Untracked 
| 182|0x0000000094e00000, 0x0000000094e00000, 0x0000000094f00000|  0%| F|  |TAMS 0x0000000094e00000, 0x0000000094e00000| Untracked 
| 183|0x0000000094f00000, 0x0000000094f00000, 0x0000000095000000|  0%| F|  |TAMS 0x0000000094f00000, 0x0000000094f00000| Untracked 
| 184|0x0000000095000000, 0x0000000095000000, 0x0000000095100000|  0%| F|  |TAMS 0x0000000095000000, 0x0000000095000000| Untracked 
| 185|0x0000000095100000, 0x0000000095100000, 0x0000000095200000|  0%| F|  |TAMS 0x0000000095100000, 0x0000000095100000| Untracked 
| 186|0x0000000095200000, 0x0000000095200000, 0x0000000095300000|  0%| F|  |TAMS 0x0000000095200000, 0x0000000095200000| Untracked 
| 187|0x0000000095300000, 0x0000000095300000, 0x0000000095400000|  0%| F|  |TAMS 0x0000000095300000, 0x0000000095300000| Untracked 
| 188|0x0000000095400000, 0x0000000095400000, 0x0000000095500000|  0%| F|  |TAMS 0x0000000095400000, 0x0000000095400000| Untracked 
| 189|0x0000000095500000, 0x0000000095500000, 0x0000000095600000|  0%| F|  |TAMS 0x0000000095500000, 0x0000000095500000| Untracked 
| 190|0x0000000095600000, 0x0000000095600000, 0x0000000095700000|  0%| F|  |TAMS 0x0000000095600000, 0x0000000095600000| Untracked 
| 191|0x0000000095700000, 0x0000000095700000, 0x0000000095800000|  0%| F|  |TAMS 0x0000000095700000, 0x0000000095700000| Untracked 
| 192|0x0000000095800000, 0x0000000095800000, 0x0000000095900000|  0%| F|  |TAMS 0x0000000095800000, 0x0000000095800000| Untracked 
| 193|0x0000000095900000, 0x0000000095900000, 0x0000000095a00000|  0%| F|  |TAMS 0x0000000095900000, 0x0000000095900000| Untracked 
| 194|0x0000000095a00000, 0x0000000095a00000, 0x0000000095b00000|  0%| F|  |TAMS 0x0000000095a00000, 0x0000000095a00000| Untracked 
| 195|0x0000000095b00000, 0x0000000095b00000, 0x0000000095c00000|  0%| F|  |TAMS 0x0000000095b00000, 0x0000000095b00000| Untracked 
| 196|0x0000000095c00000, 0x0000000095c00000, 0x0000000095d00000|  0%| F|  |TAMS 0x0000000095c00000, 0x0000000095c00000| Untracked 
| 197|0x0000000095d00000, 0x0000000095d00000, 0x0000000095e00000|  0%| F|  |TAMS 0x0000000095d00000, 0x0000000095d00000| Untracked 
| 198|0x0000000095e00000, 0x0000000095e00000, 0x0000000095f00000|  0%| F|  |TAMS 0x0000000095e00000, 0x0000000095e00000| Untracked 
| 199|0x0000000095f00000, 0x0000000095f00000, 0x0000000096000000|  0%| F|  |TAMS 0x0000000095f00000, 0x0000000095f00000| Untracked 
| 200|0x0000000096000000, 0x0000000096000000, 0x0000000096100000|  0%| F|  |TAMS 0x0000000096000000, 0x0000000096000000| Untracked 
| 201|0x0000000096100000, 0x0000000096100000, 0x0000000096200000|  0%| F|  |TAMS 0x0000000096100000, 0x0000000096100000| Untracked 
| 202|0x0000000096200000, 0x0000000096200000, 0x0000000096300000|  0%| F|  |TAMS 0x0000000096200000, 0x0000000096200000| Untracked 
| 203|0x0000000096300000, 0x0000000096300000, 0x0000000096400000|  0%| F|  |TAMS 0x0000000096300000, 0x0000000096300000| Untracked 
| 204|0x0000000096400000, 0x0000000096400000, 0x0000000096500000|  0%| F|  |TAMS 0x0000000096400000, 0x0000000096400000| Untracked 
| 205|0x0000000096500000, 0x0000000096500000, 0x0000000096600000|  0%| F|  |TAMS 0x0000000096500000, 0x0000000096500000| Untracked 
| 206|0x0000000096600000, 0x0000000096600000, 0x0000000096700000|  0%| F|  |TAMS 0x0000000096600000, 0x0000000096600000| Untracked 
| 207|0x0000000096700000, 0x0000000096700000, 0x0000000096800000|  0%| F|  |TAMS 0x0000000096700000, 0x0000000096700000| Untracked 
| 208|0x0000000096800000, 0x0000000096800000, 0x0000000096900000|  0%| F|  |TAMS 0x0000000096800000, 0x0000000096800000| Untracked 
| 209|0x0000000096900000, 0x0000000096900000, 0x0000000096a00000|  0%| F|  |TAMS 0x0000000096900000, 0x0000000096900000| Untracked 
| 210|0x0000000096a00000, 0x0000000096a00000, 0x0000000096b00000|  0%| F|  |TAMS 0x0000000096a00000, 0x0000000096a00000| Untracked 
| 211|0x0000000096b00000, 0x0000000096b00000, 0x0000000096c00000|  0%| F|  |TAMS 0x0000000096b00000, 0x0000000096b00000| Untracked 
| 212|0x0000000096c00000, 0x0000000096c00000, 0x0000000096d00000|  0%| F|  |TAMS 0x0000000096c00000, 0x0000000096c00000| Untracked 
| 213|0x0000000096d00000, 0x0000000096d00000, 0x0000000096e00000|  0%| F|  |TAMS 0x0000000096d00000, 0x0000000096d00000| Untracked 
| 214|0x0000000096e00000, 0x0000000096e00000, 0x0000000096f00000|  0%| F|  |TAMS 0x0000000096e00000, 0x0000000096e00000| Untracked 
| 215|0x0000000096f00000, 0x0000000096f00000, 0x0000000097000000|  0%| F|  |TAMS 0x0000000096f00000, 0x0000000096f00000| Untracked 
| 216|0x0000000097000000, 0x0000000097000000, 0x0000000097100000|  0%| F|  |TAMS 0x0000000097000000, 0x0000000097000000| Untracked 
| 217|0x0000000097100000, 0x0000000097100000, 0x0000000097200000|  0%| F|  |TAMS 0x0000000097100000, 0x0000000097100000| Untracked 
| 218|0x0000000097200000, 0x0000000097200000, 0x0000000097300000|  0%| F|  |TAMS 0x0000000097200000, 0x0000000097200000| Untracked 
| 219|0x0000000097300000, 0x0000000097300000, 0x0000000097400000|  0%| F|  |TAMS 0x0000000097300000, 0x0000000097300000| Untracked 
| 220|0x0000000097400000, 0x0000000097400000, 0x0000000097500000|  0%| F|  |TAMS 0x0000000097400000, 0x0000000097400000| Untracked 
| 221|0x0000000097500000, 0x0000000097500000, 0x0000000097600000|  0%| F|  |TAMS 0x0000000097500000, 0x0000000097500000| Untracked 
| 222|0x0000000097600000, 0x0000000097600000, 0x0000000097700000|  0%| F|  |TAMS 0x0000000097600000, 0x0000000097600000| Untracked 
| 223|0x0000000097700000, 0x0000000097700000, 0x0000000097800000|  0%| F|  |TAMS 0x0000000097700000, 0x0000000097700000| Untracked 
| 224|0x0000000097800000, 0x0000000097800000, 0x0000000097900000|  0%| F|  |TAMS 0x0000000097800000, 0x0000000097800000| Untracked 
| 225|0x0000000097900000, 0x0000000097900000, 0x0000000097a00000|  0%| F|  |TAMS 0x0000000097900000, 0x0000000097900000| Untracked 
| 226|0x0000000097a00000, 0x0000000097a80800, 0x0000000097b00000| 50%| E|  |TAMS 0x0000000097a00000, 0x0000000097a00000| Complete 
| 227|0x0000000097b00000, 0x0000000097c00000, 0x0000000097c00000|100%| E|CS|TAMS 0x0000000097b00000, 0x0000000097b00000| Complete 
| 228|0x0000000097c00000, 0x0000000097d00000, 0x0000000097d00000|100%| E|CS|TAMS 0x0000000097c00000, 0x0000000097c00000| Complete 
| 229|0x0000000097d00000, 0x0000000097e00000, 0x0000000097e00000|100%| E|CS|TAMS 0x0000000097d00000, 0x0000000097d00000| Complete 
| 230|0x0000000097e00000, 0x0000000097f00000, 0x0000000097f00000|100%| E|CS|TAMS 0x0000000097e00000, 0x0000000097e00000| Complete 
| 231|0x0000000097f00000, 0x0000000098000000, 0x0000000098000000|100%| E|CS|TAMS 0x0000000097f00000, 0x0000000097f00000| Complete 
| 232|0x0000000098000000, 0x0000000098100000, 0x0000000098100000|100%| E|CS|TAMS 0x0000000098000000, 0x0000000098000000| Complete 
| 233|0x0000000098100000, 0x0000000098200000, 0x0000000098200000|100%| E|CS|TAMS 0x0000000098100000, 0x0000000098100000| Complete 
| 234|0x0000000098200000, 0x0000000098300000, 0x0000000098300000|100%| E|CS|TAMS 0x0000000098200000, 0x0000000098200000| Complete 
| 235|0x0000000098300000, 0x0000000098400000, 0x0000000098400000|100%| E|CS|TAMS 0x0000000098300000, 0x0000000098300000| Complete 
| 236|0x0000000098400000, 0x0000000098500000, 0x0000000098500000|100%| E|CS|TAMS 0x0000000098400000, 0x0000000098400000| Complete 
| 237|0x0000000098500000, 0x0000000098600000, 0x0000000098600000|100%| E|CS|TAMS 0x0000000098500000, 0x0000000098500000| Complete 
| 238|0x0000000098600000, 0x0000000098700000, 0x0000000098700000|100%| E|CS|TAMS 0x0000000098600000, 0x0000000098600000| Complete 
| 239|0x0000000098700000, 0x0000000098800000, 0x0000000098800000|100%| E|CS|TAMS 0x0000000098700000, 0x0000000098700000| Complete 
| 240|0x0000000098800000, 0x0000000098900000, 0x0000000098900000|100%| E|CS|TAMS 0x0000000098800000, 0x0000000098800000| Complete 
| 241|0x0000000098900000, 0x0000000098a00000, 0x0000000098a00000|100%| E|CS|TAMS 0x0000000098900000, 0x0000000098900000| Complete 
| 242|0x0000000098a00000, 0x0000000098b00000, 0x0000000098b00000|100%| E|CS|TAMS 0x0000000098a00000, 0x0000000098a00000| Complete 
| 243|0x0000000098b00000, 0x0000000098c00000, 0x0000000098c00000|100%| E|CS|TAMS 0x0000000098b00000, 0x0000000098b00000| Complete 
| 244|0x0000000098c00000, 0x0000000098d00000, 0x0000000098d00000|100%| E|CS|TAMS 0x0000000098c00000, 0x0000000098c00000| Complete 
| 245|0x0000000098d00000, 0x0000000098e00000, 0x0000000098e00000|100%| E|CS|TAMS 0x0000000098d00000, 0x0000000098d00000| Complete 
| 246|0x0000000098e00000, 0x0000000098f00000, 0x0000000098f00000|100%| E|CS|TAMS 0x0000000098e00000, 0x0000000098e00000| Complete 
| 247|0x0000000098f00000, 0x0000000099000000, 0x0000000099000000|100%| E|CS|TAMS 0x0000000098f00000, 0x0000000098f00000| Complete 
| 248|0x0000000099000000, 0x0000000099100000, 0x0000000099100000|100%| E|CS|TAMS 0x0000000099000000, 0x0000000099000000| Complete 
| 249|0x0000000099100000, 0x0000000099200000, 0x0000000099200000|100%| E|CS|TAMS 0x0000000099100000, 0x0000000099100000| Complete 
| 250|0x0000000099200000, 0x0000000099300000, 0x0000000099300000|100%| E|CS|TAMS 0x0000000099200000, 0x0000000099200000| Complete 
| 251|0x0000000099300000, 0x0000000099400000, 0x0000000099400000|100%| E|CS|TAMS 0x0000000099300000, 0x0000000099300000| Complete 
| 252|0x0000000099400000, 0x0000000099500000, 0x0000000099500000|100%| E|CS|TAMS 0x0000000099400000, 0x0000000099400000| Complete 
| 253|0x0000000099500000, 0x0000000099600000, 0x0000000099600000|100%| E|CS|TAMS 0x0000000099500000, 0x0000000099500000| Complete 
| 254|0x0000000099600000, 0x0000000099700000, 0x0000000099700000|100%| E|CS|TAMS 0x0000000099600000, 0x0000000099600000| Complete 
| 255|0x0000000099700000, 0x0000000099800000, 0x0000000099800000|100%| E|CS|TAMS 0x0000000099700000, 0x0000000099700000| Complete 
| 256|0x0000000099800000, 0x0000000099900000, 0x0000000099900000|100%| E|CS|TAMS 0x0000000099800000, 0x0000000099800000| Complete 
| 257|0x0000000099900000, 0x0000000099a00000, 0x0000000099a00000|100%| E|CS|TAMS 0x0000000099900000, 0x0000000099900000| Complete 
| 258|0x0000000099a00000, 0x0000000099b00000, 0x0000000099b00000|100%| E|CS|TAMS 0x0000000099a00000, 0x0000000099a00000| Complete 
| 259|0x0000000099b00000, 0x0000000099c00000, 0x0000000099c00000|100%| E|CS|TAMS 0x0000000099b00000, 0x0000000099b00000| Complete 
| 260|0x0000000099c00000, 0x0000000099d00000, 0x0000000099d00000|100%| E|CS|TAMS 0x0000000099c00000, 0x0000000099c00000| Complete 
| 261|0x0000000099d00000, 0x0000000099e00000, 0x0000000099e00000|100%| E|CS|TAMS 0x0000000099d00000, 0x0000000099d00000| Complete 
| 262|0x0000000099e00000, 0x0000000099f00000, 0x0000000099f00000|100%| E|CS|TAMS 0x0000000099e00000, 0x0000000099e00000| Complete 
| 263|0x0000000099f00000, 0x000000009a000000, 0x000000009a000000|100%| E|CS|TAMS 0x0000000099f00000, 0x0000000099f00000| Complete 
| 264|0x000000009a000000, 0x000000009a100000, 0x000000009a100000|100%| E|CS|TAMS 0x000000009a000000, 0x000000009a000000| Complete 
| 265|0x000000009a100000, 0x000000009a200000, 0x000000009a200000|100%| E|CS|TAMS 0x000000009a100000, 0x000000009a100000| Complete 
| 266|0x000000009a200000, 0x000000009a300000, 0x000000009a300000|100%| E|CS|TAMS 0x000000009a200000, 0x000000009a200000| Complete 
| 267|0x000000009a300000, 0x000000009a400000, 0x000000009a400000|100%| E|CS|TAMS 0x000000009a300000, 0x000000009a300000| Complete 
| 268|0x000000009a400000, 0x000000009a500000, 0x000000009a500000|100%| E|CS|TAMS 0x000000009a400000, 0x000000009a400000| Complete 
| 269|0x000000009a500000, 0x000000009a600000, 0x000000009a600000|100%| E|CS|TAMS 0x000000009a500000, 0x000000009a500000| Complete 
| 270|0x000000009a600000, 0x000000009a700000, 0x000000009a700000|100%| E|CS|TAMS 0x000000009a600000, 0x000000009a600000| Complete 
| 271|0x000000009a700000, 0x000000009a800000, 0x000000009a800000|100%| E|CS|TAMS 0x000000009a700000, 0x000000009a700000| Complete 
| 272|0x000000009a800000, 0x000000009a900000, 0x000000009a900000|100%| E|CS|TAMS 0x000000009a800000, 0x000000009a800000| Complete 
| 273|0x000000009a900000, 0x000000009aa00000, 0x000000009aa00000|100%| E|CS|TAMS 0x000000009a900000, 0x000000009a900000| Complete 
| 274|0x000000009aa00000, 0x000000009ab00000, 0x000000009ab00000|100%| E|CS|TAMS 0x000000009aa00000, 0x000000009aa00000| Complete 
| 275|0x000000009ab00000, 0x000000009ac00000, 0x000000009ac00000|100%| E|CS|TAMS 0x000000009ab00000, 0x000000009ab00000| Complete 
| 276|0x000000009ac00000, 0x000000009ad00000, 0x000000009ad00000|100%| E|CS|TAMS 0x000000009ac00000, 0x000000009ac00000| Complete 
| 277|0x000000009ad00000, 0x000000009ae00000, 0x000000009ae00000|100%| E|CS|TAMS 0x000000009ad00000, 0x000000009ad00000| Complete 
| 278|0x000000009ae00000, 0x000000009af00000, 0x000000009af00000|100%| E|CS|TAMS 0x000000009ae00000, 0x000000009ae00000| Complete 
| 279|0x000000009af00000, 0x000000009b000000, 0x000000009b000000|100%| E|CS|TAMS 0x000000009af00000, 0x000000009af00000| Complete 
| 280|0x000000009b000000, 0x000000009b100000, 0x000000009b100000|100%| E|CS|TAMS 0x000000009b000000, 0x000000009b000000| Complete 
| 281|0x000000009b100000, 0x000000009b200000, 0x000000009b200000|100%| E|CS|TAMS 0x000000009b100000, 0x000000009b100000| Complete 
| 282|0x000000009b200000, 0x000000009b300000, 0x000000009b300000|100%| E|CS|TAMS 0x000000009b200000, 0x000000009b200000| Complete 
| 283|0x000000009b300000, 0x000000009b400000, 0x000000009b400000|100%| E|CS|TAMS 0x000000009b300000, 0x000000009b300000| Complete 
| 284|0x000000009b400000, 0x000000009b500000, 0x000000009b500000|100%| E|CS|TAMS 0x000000009b400000, 0x000000009b400000| Complete 
| 285|0x000000009b500000, 0x000000009b600000, 0x000000009b600000|100%| E|CS|TAMS 0x000000009b500000, 0x000000009b500000| Complete 
| 286|0x000000009b600000, 0x000000009b700000, 0x000000009b700000|100%| E|CS|TAMS 0x000000009b600000, 0x000000009b600000| Complete 
| 287|0x000000009b700000, 0x000000009b800000, 0x000000009b800000|100%| E|CS|TAMS 0x000000009b700000, 0x000000009b700000| Complete 
| 288|0x000000009b800000, 0x000000009b900000, 0x000000009b900000|100%| E|CS|TAMS 0x000000009b800000, 0x000000009b800000| Complete 
| 289|0x000000009b900000, 0x000000009ba00000, 0x000000009ba00000|100%| E|CS|TAMS 0x000000009b900000, 0x000000009b900000| Complete 
| 290|0x000000009ba00000, 0x000000009bb00000, 0x000000009bb00000|100%| E|CS|TAMS 0x000000009ba00000, 0x000000009ba00000| Complete 
| 291|0x000000009bb00000, 0x000000009bc00000, 0x000000009bc00000|100%| E|CS|TAMS 0x000000009bb00000, 0x000000009bb00000| Complete 
| 292|0x000000009bc00000, 0x000000009bd00000, 0x000000009bd00000|100%| E|CS|TAMS 0x000000009bc00000, 0x000000009bc00000| Complete 
| 293|0x000000009bd00000, 0x000000009be00000, 0x000000009be00000|100%| E|CS|TAMS 0x000000009bd00000, 0x000000009bd00000| Complete 
| 294|0x000000009be00000, 0x000000009bf00000, 0x000000009bf00000|100%| E|CS|TAMS 0x000000009be00000, 0x000000009be00000| Complete 
| 295|0x000000009bf00000, 0x000000009c000000, 0x000000009c000000|100%| E|CS|TAMS 0x000000009bf00000, 0x000000009bf00000| Complete 
| 296|0x000000009c000000, 0x000000009c100000, 0x000000009c100000|100%| E|CS|TAMS 0x000000009c000000, 0x000000009c000000| Complete 
| 297|0x000000009c100000, 0x000000009c200000, 0x000000009c200000|100%| E|CS|TAMS 0x000000009c100000, 0x000000009c100000| Complete 
| 298|0x000000009c200000, 0x000000009c300000, 0x000000009c300000|100%| E|CS|TAMS 0x000000009c200000, 0x000000009c200000| Complete 
| 299|0x000000009c300000, 0x000000009c400000, 0x000000009c400000|100%| E|CS|TAMS 0x000000009c300000, 0x000000009c300000| Complete 
| 300|0x000000009c400000, 0x000000009c500000, 0x000000009c500000|100%| E|CS|TAMS 0x000000009c400000, 0x000000009c400000| Complete 
| 301|0x000000009c500000, 0x000000009c600000, 0x000000009c600000|100%| E|CS|TAMS 0x000000009c500000, 0x000000009c500000| Complete 
| 302|0x000000009c600000, 0x000000009c700000, 0x000000009c700000|100%| E|CS|TAMS 0x000000009c600000, 0x000000009c600000| Complete 
| 303|0x000000009c700000, 0x000000009c800000, 0x000000009c800000|100%| E|CS|TAMS 0x000000009c700000, 0x000000009c700000| Complete 
| 304|0x000000009c800000, 0x000000009c900000, 0x000000009c900000|100%| E|CS|TAMS 0x000000009c800000, 0x000000009c800000| Complete 
| 305|0x000000009c900000, 0x000000009ca00000, 0x000000009ca00000|100%| E|CS|TAMS 0x000000009c900000, 0x000000009c900000| Complete 

Card table byte_map: [0x00000200377a0000,0x0000020037b60000] _byte_map_base: 0x0000020037354000

Marking Bits (Prev, Next): (CMBitMap*) 0x0000020024a18d40, (CMBitMap*) 0x0000020024a18d00
 Prev Bits: [0x0000020039cc0000, 0x000002003ba60000)
 Next Bits: [0x0000020037f20000, 0x0000020039cc0000)

Polling page: 0x00000200228e0000

Metaspace:

Usage:
  Non-class:     62.20 MB used.
      Class:      7.72 MB used.
       Both:     69.92 MB used.

Virtual space:
  Non-class space:       64.00 MB reserved,      62.38 MB ( 97%) committed,  1 nodes.
      Class space:        1.00 GB reserved,       7.88 MB ( <1%) committed,  1 nodes.
             Both:        1.06 GB reserved,      70.25 MB (  6%) committed. 

Chunk freelists:
   Non-Class:  1.33 MB
       Class:  8.16 MB
        Both:  9.48 MB

MaxMetaspaceSize: unlimited
CompressedClassSpaceSize: 1.00 GB
Initial GC threshold: 21.00 MB
Current GC threshold: 102.50 MB
CDS: off
MetaspaceReclaimPolicy: balanced
 - commit_granule_bytes: 65536.
 - commit_granule_words: 8192.
 - virtual_space_node_default_size: 8388608.
 - enlarge_chunks_in_place: 1.
 - new_chunks_are_fully_committed: 0.
 - uncommit_free_chunks: 1.
 - use_allocation_guard: 0.
 - handle_deallocations: 1.


Internal statistics:

num_allocs_failed_limit: 6.
num_arena_births: 350.
num_arena_deaths: 0.
num_vsnodes_births: 2.
num_vsnodes_deaths: 0.
num_space_committed: 1121.
num_space_uncommitted: 0.
num_chunks_returned_to_freelist: 6.
num_chunks_taken_from_freelist: 2780.
num_chunk_merges: 6.
num_chunk_splits: 2144.
num_chunks_enlarged: 1834.
num_inconsistent_stats: 0.

CodeHeap 'non-profiled nmethods': size=120000Kb used=7312Kb max_used=7684Kb free=112688Kb
 bounds [0x000002002f960000, 0x00000200300f0000, 0x0000020036e90000]
CodeHeap 'profiled nmethods': size=120000Kb used=32114Kb max_used=34305Kb free=87885Kb
 bounds [0x0000020027e90000, 0x000002002a020000, 0x000002002f3c0000]
CodeHeap 'non-nmethods': size=5760Kb used=1381Kb max_used=1396Kb free=4378Kb
 bounds [0x000002002f3c0000, 0x000002002f630000, 0x000002002f960000]
 total_blobs=12168 nmethods=11461 adapters=616
 compilation: enabled
              stopped_count=0, restarted_count=0
 full_count=0

Compilation events (20 events):
Event: 18.201 Thread 0x000002003e8663c0 nmethod 14727 0x00000200284fcf90 code [0x00000200284fd120, 0x00000200284fd298]
Event: 18.202 Thread 0x000002003e8663c0 14728       3       org.jetbrains.kotlin.com.intellij.openapi.util.TextRange::assertProperRange (35 bytes)
Event: 18.202 Thread 0x000002003e8663c0 nmethod 14728 0x0000020028c0d710 code [0x0000020028c0d8e0, 0x0000020028c0db88]
Event: 18.202 Thread 0x000002003e8663c0 14729       3       org.jetbrains.kotlin.psi2ir.generators.StatementGenerator::getContext (8 bytes)
Event: 18.202 Thread 0x000002003e8663c0 nmethod 14729 0x00000200285b8690 code [0x00000200285b8820, 0x00000200285b8958]
Event: 18.202 Thread 0x000002003e8663c0 14730       3       org.jetbrains.kotlin.com.intellij.openapi.util.TextRange::assertProperRange (63 bytes)
Event: 18.202 Thread 0x000002003e8663c0 nmethod 14730 0x00000200284b3e90 code [0x00000200284b4160, 0x00000200284b4d38]
Event: 18.203 Thread 0x000002003e8663c0 14731       1       org.jetbrains.kotlin.ir.declarations.impl.IrConstructorImpl::getValueParameters (5 bytes)
Event: 18.203 Thread 0x000002003e8663c0 nmethod 14731 0x000002002fe57e90 code [0x000002002fe58020, 0x000002002fe580f8]
Event: 18.203 Thread 0x0000020046cd3ac0 nmethod 14714 0x000002002fa56f10 code [0x000002002fa570c0, 0x000002002fa57a38]
Event: 18.203 Thread 0x000002003e8663c0 14732       3       java.util.LinkedHashMap::get (29 bytes)
Event: 18.203 Thread 0x000002003e8663c0 nmethod 14732 0x000002002894b390 code [0x000002002894b540, 0x000002002894b798]
Event: 18.206 Thread 0x000002003e8663c0 14733       3       org.jetbrains.kotlin.resolve.calls.tower.NewResolvedCallImpl::getExpectedTypeForSuspendConvertedArgument (30 bytes)
Event: 18.206 Thread 0x000002003e862420 14735       4       org.jetbrains.kotlin.com.intellij.psi.impl.source.tree.TreeElement::getStartOffsetInParent (104 bytes)
Event: 18.206 Thread 0x000002003e8663c0 nmethod 14733 0x0000020028a65a10 code [0x0000020028a65c40, 0x0000020028a66408]
Event: 18.206 Thread 0x000002003e8663c0 14734       3       org.jetbrains.kotlin.com.intellij.psi.impl.source.tree.TreeElement::getTextRange (20 bytes)
Event: 18.206 Thread 0x000002003e8663c0 nmethod 14734 0x0000020029c5a590 code [0x0000020029c5a780, 0x0000020029c5ada8]
Event: 18.207 Thread 0x000002003e8663c0 14736       3       org.jetbrains.kotlin.resolve.calls.tower.NewResolvedCallImpl::getExpectedTypeForSamConvertedArgument (30 bytes)
Event: 18.207 Thread 0x000002003e8663c0 nmethod 14736 0x00000200286b1710 code [0x00000200286b1940, 0x00000200286b2108]
Event: 18.207 Thread 0x000002003e8663c0 14737       3       org.jetbrains.kotlin.psi.psiUtil.PsiUtilsKt::startsWithComment (16 bytes)

GC Heap History (20 events):
Event: 5.285 GC heap before
{Heap before GC invocations=18 (full 0):
 garbage-first heap   total 133120K, used 98791K [0x0000000089800000, 0x0000000100000000)
  region size 1024K, 46 young (47104K), 5 survivors (5120K)
 Metaspace       used 54307K, committed 54528K, reserved 1114112K
  class space    used 6322K, committed 6400K, reserved 1048576K
}
Event: 5.292 GC heap after
{Heap after GC invocations=19 (full 0):
 garbage-first heap   total 133120K, used 59035K [0x0000000089800000, 0x0000000100000000)
  region size 1024K, 2 young (2048K), 2 survivors (2048K)
 Metaspace       used 54307K, committed 54528K, reserved 1114112K
  class space    used 6322K, committed 6400K, reserved 1048576K
}
Event: 5.705 GC heap before
{Heap before GC invocations=19 (full 0):
 garbage-first heap   total 133120K, used 102043K [0x0000000089800000, 0x0000000100000000)
  region size 1024K, 44 young (45056K), 2 survivors (2048K)
 Metaspace       used 57705K, committed 57984K, reserved 1114112K
  class space    used 6794K, committed 6912K, reserved 1048576K
}
Event: 5.708 GC heap after
{Heap after GC invocations=20 (full 0):
 garbage-first heap   total 133120K, used 60669K [0x0000000089800000, 0x0000000100000000)
  region size 1024K, 4 young (4096K), 4 survivors (4096K)
 Metaspace       used 57705K, committed 57984K, reserved 1114112K
  class space    used 6794K, committed 6912K, reserved 1048576K
}
Event: 6.436 GC heap before
{Heap before GC invocations=20 (full 0):
 garbage-first heap   total 133120K, used 103677K [0x0000000089800000, 0x0000000100000000)
  region size 1024K, 46 young (47104K), 4 survivors (4096K)
 Metaspace       used 59565K, committed 59840K, reserved 1114112K
  class space    used 6847K, committed 6976K, reserved 1048576K
}
Event: 6.441 GC heap after
{Heap after GC invocations=21 (full 0):
 garbage-first heap   total 133120K, used 66400K [0x0000000089800000, 0x0000000100000000)
  region size 1024K, 6 young (6144K), 6 survivors (6144K)
 Metaspace       used 59565K, committed 59840K, reserved 1114112K
  class space    used 6847K, committed 6976K, reserved 1048576K
}
Event: 6.791 GC heap before
{Heap before GC invocations=21 (full 0):
 garbage-first heap   total 133120K, used 104288K [0x0000000089800000, 0x0000000100000000)
  region size 1024K, 44 young (45056K), 6 survivors (6144K)
 Metaspace       used 60134K, committed 60416K, reserved 1114112K
  class space    used 6848K, committed 6976K, reserved 1048576K
}
Event: 6.799 GC heap after
{Heap after GC invocations=22 (full 0):
 garbage-first heap   total 133120K, used 72166K [0x0000000089800000, 0x0000000100000000)
  region size 1024K, 6 young (6144K), 6 survivors (6144K)
 Metaspace       used 60134K, committed 60416K, reserved 1114112K
  class space    used 6848K, committed 6976K, reserved 1048576K
}
Event: 7.649 GC heap before
{Heap before GC invocations=23 (full 0):
 garbage-first heap   total 133120K, used 108006K [0x0000000089800000, 0x0000000100000000)
  region size 1024K, 39 young (39936K), 6 survivors (6144K)
 Metaspace       used 61744K, committed 62016K, reserved 1114112K
  class space    used 7020K, committed 7104K, reserved 1048576K
}
Event: 7.657 GC heap after
{Heap after GC invocations=24 (full 0):
 garbage-first heap   total 133120K, used 79481K [0x0000000089800000, 0x0000000100000000)
  region size 1024K, 5 young (5120K), 5 survivors (5120K)
 Metaspace       used 61744K, committed 62016K, reserved 1114112K
  class space    used 7020K, committed 7104K, reserved 1048576K
}
Event: 7.662 GC heap before
{Heap before GC invocations=24 (full 0):
 garbage-first heap   total 133120K, used 80505K [0x0000000089800000, 0x0000000100000000)
  region size 1024K, 6 young (6144K), 5 survivors (5120K)
 Metaspace       used 61748K, committed 62016K, reserved 1114112K
  class space    used 7020K, committed 7104K, reserved 1048576K
}
Event: 7.667 GC heap after
{Heap after GC invocations=25 (full 0):
 garbage-first heap   total 133120K, used 79406K [0x0000000089800000, 0x0000000100000000)
  region size 1024K, 1 young (1024K), 1 survivors (1024K)
 Metaspace       used 61748K, committed 62016K, reserved 1114112K
  class space    used 7020K, committed 7104K, reserved 1048576K
}
Event: 8.144 GC heap before
{Heap before GC invocations=25 (full 0):
 garbage-first heap   total 133120K, used 108078K [0x0000000089800000, 0x0000000100000000)
  region size 1024K, 29 young (29696K), 1 survivors (1024K)
 Metaspace       used 62545K, committed 62848K, reserved 1114112K
  class space    used 7096K, committed 7232K, reserved 1048576K
}
Event: 8.148 GC heap after
{Heap after GC invocations=26 (full 0):
 garbage-first heap   total 133120K, used 81545K [0x0000000089800000, 0x0000000100000000)
  region size 1024K, 3 young (3072K), 3 survivors (3072K)
 Metaspace       used 62545K, committed 62848K, reserved 1114112K
  class space    used 7096K, committed 7232K, reserved 1048576K
}
Event: 8.624 GC heap before
{Heap before GC invocations=27 (full 0):
 garbage-first heap   total 142336K, used 110217K [0x0000000089800000, 0x0000000100000000)
  region size 1024K, 30 young (30720K), 3 survivors (3072K)
 Metaspace       used 63852K, committed 64192K, reserved 1114112K
  class space    used 7252K, committed 7424K, reserved 1048576K
}
Event: 8.631 GC heap after
{Heap after GC invocations=28 (full 0):
 garbage-first heap   total 142336K, used 86462K [0x0000000089800000, 0x0000000100000000)
  region size 1024K, 4 young (4096K), 4 survivors (4096K)
 Metaspace       used 63852K, committed 64192K, reserved 1114112K
  class space    used 7252K, committed 7424K, reserved 1048576K
}
Event: 8.633 GC heap before
{Heap before GC invocations=28 (full 0):
 garbage-first heap   total 142336K, used 88510K [0x0000000089800000, 0x0000000100000000)
  region size 1024K, 6 young (6144K), 4 survivors (4096K)
 Metaspace       used 63852K, committed 64192K, reserved 1114112K
  class space    used 7252K, committed 7424K, reserved 1048576K
}
Event: 8.639 GC heap after
{Heap after GC invocations=29 (full 0):
 garbage-first heap   total 313344K, used 86305K [0x0000000089800000, 0x0000000100000000)
  region size 1024K, 1 young (1024K), 1 survivors (1024K)
 Metaspace       used 63852K, committed 64192K, reserved 1114112K
  class space    used 7252K, committed 7424K, reserved 1048576K
}
Event: 12.260 GC heap before
{Heap before GC invocations=29 (full 0):
 garbage-first heap   total 313344K, used 219425K [0x0000000089800000, 0x0000000100000000)
  region size 1024K, 131 young (134144K), 1 survivors (1024K)
 Metaspace       used 65604K, committed 65920K, reserved 1114112K
  class space    used 7310K, committed 7488K, reserved 1048576K
}
Event: 12.272 GC heap after
{Heap after GC invocations=30 (full 0):
 garbage-first heap   total 313344K, used 102620K [0x0000000089800000, 0x0000000100000000)
  region size 1024K, 17 young (17408K), 17 survivors (17408K)
 Metaspace       used 65604K, committed 65920K, reserved 1114112K
  class space    used 7310K, committed 7488K, reserved 1048576K
}

Dll operation events (2 events):
Event: 0.005 Loaded shared library C:\Program Files\Android\Android Studio\jbr\bin\java.dll
Event: 0.789 Loaded shared library C:\Program Files\Android\Android Studio\jbr\bin\verify.dll

Deoptimization events (20 events):
Event: 18.029 Thread 0x00000200249bef40 Uncommon trap: trap_request=0xffffffc6 fr.pc=0x000002002fcdcf60 relative=0x00000000000005a0
Event: 18.029 Thread 0x00000200249bef40 Uncommon trap: reason=bimorphic_or_optimized_type_check action=maybe_recompile pc=0x000002002fcdcf60 method=org.jetbrains.kotlin.storage.LockBasedStorageManager$LockBasedLazyValue.invoke()Ljava/lang/Object; @ 24 c2
Event: 18.029 Thread 0x00000200249bef40 DEOPT PACKING pc=0x000002002fcdcf60 sp=0x000000aef2bfea00
Event: 18.029 Thread 0x00000200249bef40 DEOPT UNPACKING pc=0x000002002f4169a3 sp=0x000000aef2bfe940 mode 2
Event: 18.029 Thread 0x00000200249bef40 Uncommon trap: trap_request=0xffffffc6 fr.pc=0x000002002fe9da1c relative=0x0000000000000f5c
Event: 18.029 Thread 0x00000200249bef40 Uncommon trap: reason=bimorphic_or_optimized_type_check action=maybe_recompile pc=0x000002002fe9da1c method=org.jetbrains.kotlin.types.KotlinTypeFactory.computeMemberScope(Lorg/jetbrains/kotlin/types/TypeConstructor;Ljava/util/List;Lorg/jetbrains/kotlin/t
Event: 18.029 Thread 0x00000200249bef40 DEOPT PACKING pc=0x000002002fe9da1c sp=0x000000aef2bfe950
Event: 18.029 Thread 0x00000200249bef40 DEOPT UNPACKING pc=0x000002002f4169a3 sp=0x000000aef2bfe840 mode 2
Event: 18.029 Thread 0x00000200249bef40 Uncommon trap: trap_request=0xffffffc6 fr.pc=0x000002002fcdcf60 relative=0x00000000000005a0
Event: 18.029 Thread 0x00000200249bef40 Uncommon trap: reason=bimorphic_or_optimized_type_check action=maybe_recompile pc=0x000002002fcdcf60 method=org.jetbrains.kotlin.storage.LockBasedStorageManager$LockBasedLazyValue.invoke()Ljava/lang/Object; @ 24 c2
Event: 18.029 Thread 0x00000200249bef40 DEOPT PACKING pc=0x000002002fcdcf60 sp=0x000000aef2bfe7c0
Event: 18.029 Thread 0x00000200249bef40 DEOPT UNPACKING pc=0x000002002f4169a3 sp=0x000000aef2bfe700 mode 2
Event: 18.178 Thread 0x00000200249bef40 Uncommon trap: trap_request=0xffffffde fr.pc=0x000002002fc9a65c relative=0x000000000000037c
Event: 18.178 Thread 0x00000200249bef40 Uncommon trap: reason=class_check action=maybe_recompile pc=0x000002002fc9a65c method=org.jetbrains.kotlin.resolve.OverridingUtil.filterOutOverridden(Ljava/util/Set;)Ljava/util/Set; @ 10 c2
Event: 18.178 Thread 0x00000200249bef40 DEOPT PACKING pc=0x000002002fc9a65c sp=0x000000aef2bfc860
Event: 18.178 Thread 0x00000200249bef40 DEOPT UNPACKING pc=0x000002002f4169a3 sp=0x000000aef2bfc820 mode 2
Event: 18.180 Thread 0x00000200249bef40 Uncommon trap: trap_request=0xffffff45 fr.pc=0x000002002fa0fa98 relative=0x0000000000000458
Event: 18.180 Thread 0x00000200249bef40 Uncommon trap: reason=unstable_if action=reinterpret pc=0x000002002fa0fa98 method=java.util.HashMap.hash(Ljava/lang/Object;)I @ 1 c2
Event: 18.180 Thread 0x00000200249bef40 DEOPT PACKING pc=0x000002002fa0fa98 sp=0x000000aef2bfd990
Event: 18.180 Thread 0x00000200249bef40 DEOPT UNPACKING pc=0x000002002f4169a3 sp=0x000000aef2bfd838 mode 2

Classes unloaded (0 events):
No events

Classes redefined (0 events):
No events

Internal exceptions (20 events):
Event: 6.930 Thread 0x00000200249bef40 Implicit null exception at 0x000002002fbe02d0 to 0x000002002fbe77d0
Event: 6.930 Thread 0x00000200249bef40 Implicit null exception at 0x000002002fbe02d0 to 0x000002002fbe77d0
Event: 6.930 Thread 0x00000200249bef40 Implicit null exception at 0x000002002fbe02d0 to 0x000002002fbe77d0
Event: 6.930 Thread 0x00000200249bef40 Implicit null exception at 0x000002002fbe02d0 to 0x000002002fbe77d0
Event: 6.930 Thread 0x00000200249bef40 Implicit null exception at 0x000002002fbc7ab8 to 0x000002002fbcecfc
Event: 6.930 Thread 0x00000200249bef40 Implicit null exception at 0x000002002fba5af3 to 0x000002002fbaacd8
Event: 6.931 Thread 0x00000200249bef40 Implicit null exception at 0x000002002fbaf645 to 0x000002002fbaf94c
Event: 6.948 Thread 0x00000200249bef40 Exception <a 'java/lang/NoSuchMethodError'{0x00000000914ac790}: 'java.lang.Object java.lang.invoke.DirectMethodHandle$Holder.invokeInterface(java.lang.Object, java.lang.Object, java.lang.Object)'> (0x00000000914ac790) 
thrown [s\src\hotspot\share\interpreter\linkResolver.cpp, line 771]
Event: 6.948 Thread 0x00000200249bef40 Exception <a 'java/lang/IncompatibleClassChangeError'{0x00000000914b0100}: Found class java.lang.Object, but interface was expected> (0x00000000914b0100) 
thrown [s\src\hotspot\share\interpreter\linkResolver.cpp, line 838]
Event: 7.484 Thread 0x00000200249bef40 Implicit null exception at 0x000002002fb10e3c to 0x000002002fb11d8c
Event: 7.707 Thread 0x00000200249bef40 Exception <a 'java/lang/NoSuchMethodError'{0x00000000913d8b38}: 'java.lang.Object java.lang.invoke.DirectMethodHandle$Holder.invokeStatic(java.lang.Object, int, java.lang.Object)'> (0x00000000913d8b38) 
thrown [s\src\hotspot\share\interpreter\linkResolver.cpp, line 771]
Event: 8.133 Thread 0x00000200249bef40 Implicit null exception at 0x000002002fe552df to 0x000002002fe5b469
Event: 8.566 Thread 0x00000200249bef40 Implicit null exception at 0x000002002fec222d to 0x000002002fec2b5b
Event: 10.292 Thread 0x00000200249bef40 Implicit null exception at 0x000002002fd81bc0 to 0x000002002fd825a0
Event: 10.292 Thread 0x00000200249bef40 Implicit null exception at 0x000002002fdd5bbb to 0x000002002fdd64f0
Event: 17.810 Thread 0x00000200249bef40 Exception <a 'java/lang/NoSuchMethodError'{0x0000000098c1eb20}: 'java.lang.Object java.lang.invoke.DirectMethodHandle$Holder.invokeStaticInit(java.lang.Object, java.lang.Object, java.lang.Object, java.lang.Object)'> (0x0000000098c1eb20) 
thrown [s\src\hotspot\share\interpreter\linkResolver.cpp, line 771]
Event: 18.151 Thread 0x00000200249bef40 Exception <a 'java/lang/NoSuchMethodError'{0x0000000097d12098}: 'java.lang.Object java.lang.invoke.DirectMethodHandle$Holder.newInvokeSpecial(java.lang.Object, java.lang.Object, java.lang.Object, int, int)'> (0x0000000097d12098) 
thrown [s\src\hotspot\share\interpreter\linkResolver.cpp, line 771]
Event: 18.151 Thread 0x00000200249bef40 Exception <a 'java/lang/NoSuchMethodError'{0x0000000097d15ed8}: 'java.lang.Object java.lang.invoke.DirectMethodHandle$Holder.invokeSpecial(java.lang.Object, java.lang.Object, java.lang.Object, java.lang.Object, int, int)'> (0x0000000097d15ed8) 
thrown [s\src\hotspot\share\interpreter\linkResolver.cpp, line 771]
Event: 18.180 Thread 0x00000200249bef40 Implicit null exception at 0x000002002fa0f692 to 0x000002002fa0fa74
Event: 18.200 Thread 0x00000200249bef40 Exception <a 'java/lang/NoSuchMethodError'{0x0000000097b2f2c8}: 'java.lang.Object java.lang.invoke.DirectMethodHandle$Holder.invokeSpecial(java.lang.Object, java.lang.Object, int, int, java.lang.Object, java.lang.Object, java.lang.Object, java.lang.Object, java.lang.Object)'> (0x0000000097b2f2c8) 
thrown [s\src\hotspot\share\interpreter\linkResolver.cpp, line 771]

VM Operations (20 events):
Event: 17.748 Executing VM operation: ICBufferFull
Event: 17.749 Executing VM operation: ICBufferFull done
Event: 17.765 Executing VM operation: HandshakeAllThreads
Event: 17.765 Executing VM operation: HandshakeAllThreads done
Event: 17.818 Executing VM operation: HandshakeAllThreads
Event: 17.818 Executing VM operation: HandshakeAllThreads done
Event: 17.994 Executing VM operation: ICBufferFull
Event: 17.994 Executing VM operation: ICBufferFull done
Event: 18.000 Executing VM operation: HandshakeAllThreads
Event: 18.000 Executing VM operation: HandshakeAllThreads done
Event: 18.002 Executing VM operation: HandshakeAllThreads
Event: 18.002 Executing VM operation: HandshakeAllThreads done
Event: 18.002 Executing VM operation: HandshakeAllThreads
Event: 18.002 Executing VM operation: HandshakeAllThreads done
Event: 18.022 Executing VM operation: HandshakeAllThreads
Event: 18.022 Executing VM operation: HandshakeAllThreads done
Event: 18.036 Executing VM operation: HandshakeAllThreads
Event: 18.036 Executing VM operation: HandshakeAllThreads done
Event: 18.099 Executing VM operation: HandshakeAllThreads
Event: 18.099 Executing VM operation: HandshakeAllThreads done

Events (20 events):
Event: 18.116 Thread 0x000002003e880410 flushing nmethod 0x00000200299c7390
Event: 18.116 Thread 0x000002003e880410 flushing nmethod 0x0000020029a14610
Event: 18.116 Thread 0x000002003e880410 flushing nmethod 0x0000020029a3c790
Event: 18.116 Thread 0x000002003e880410 flushing nmethod 0x0000020029a6d110
Event: 18.117 Thread 0x000002003e880410 flushing nmethod 0x0000020029a81010
Event: 18.117 Thread 0x000002003e880410 flushing nmethod 0x0000020029ac1e90
Event: 18.117 Thread 0x000002003e880410 flushing nmethod 0x0000020029ac4710
Event: 18.117 Thread 0x000002003e880410 flushing nmethod 0x0000020029af5990
Event: 18.117 Thread 0x000002003e880410 flushing nmethod 0x0000020029baf790
Event: 18.117 Thread 0x000002003e880410 flushing nmethod 0x0000020029bd5010
Event: 18.117 Thread 0x000002003e880410 flushing nmethod 0x0000020029bf0510
Event: 18.118 Thread 0x000002003e880410 flushing nmethod 0x0000020029cce410
Event: 18.118 Thread 0x000002003e880410 flushing nmethod 0x0000020029d2ae10
Event: 18.118 Thread 0x000002003e880410 flushing nmethod 0x0000020029d65f90
Event: 18.118 Thread 0x000002003e880410 flushing nmethod 0x0000020029db9d90
Event: 18.118 Thread 0x000002003e880410 flushing nmethod 0x0000020029e10e90
Event: 18.119 Thread 0x000002003e880410 flushing nmethod 0x0000020029f29d10
Event: 18.119 Thread 0x000002003e880410 flushing nmethod 0x0000020029f60510
Event: 18.119 Thread 0x000002003e880410 flushing nmethod 0x0000020029f70590
Event: 18.119 Thread 0x000002003e880410 flushing nmethod 0x0000020029f9ef90


Dynamic libraries:
0x00007ff7f9e50000 - 0x00007ff7f9e5a000 	C:\Program Files\Android\Android Studio\jbr\bin\java.exe
0x00007ffbb2f50000 - 0x00007ffbb3167000 	C:\WINDOWS\SYSTEM32\ntdll.dll
0x00007ffbb1ab0000 - 0x00007ffbb1b74000 	C:\WINDOWS\System32\KERNEL32.DLL
0x00007ffbb0500000 - 0x00007ffbb08ac000 	C:\WINDOWS\System32\KERNELBASE.dll
0x00007ffbb0b70000 - 0x00007ffbb0c81000 	C:\WINDOWS\System32\ucrtbase.dll
0x00007ffb9da20000 - 0x00007ffb9da37000 	C:\Program Files\Android\Android Studio\jbr\bin\jli.dll
0x00007ffb85800000 - 0x00007ffb8581b000 	C:\Program Files\Android\Android Studio\jbr\bin\VCRUNTIME140.dll
0x00007ffbb2490000 - 0x00007ffbb263e000 	C:\WINDOWS\System32\USER32.dll
0x00007ffb9c6a0000 - 0x00007ffb9c933000 	C:\WINDOWS\WinSxS\amd64_microsoft.windows.common-controls_6595b64144ccf1df_6.0.22621.3672_none_2713b9d173822955\COMCTL32.dll
0x00007ffbb08b0000 - 0x00007ffbb08d6000 	C:\WINDOWS\System32\win32u.dll
0x00007ffbb2460000 - 0x00007ffbb2489000 	C:\WINDOWS\System32\GDI32.dll
0x00007ffbb0a50000 - 0x00007ffbb0b69000 	C:\WINDOWS\System32\gdi32full.dll
0x00007ffbb0280000 - 0x00007ffbb031a000 	C:\WINDOWS\System32\msvcp_win.dll
0x00007ffbb1900000 - 0x00007ffbb19a7000 	C:\WINDOWS\System32\msvcrt.dll
0x00007ffbb2230000 - 0x00007ffbb2261000 	C:\WINDOWS\System32\IMM32.DLL
0x00007ffb88180000 - 0x00007ffb8818c000 	C:\Program Files\Android\Android Studio\jbr\bin\vcruntime140_1.dll
0x00007ffb4b130000 - 0x00007ffb4b1bd000 	C:\Program Files\Android\Android Studio\jbr\bin\msvcp140.dll
0x00007ffb10170000 - 0x00007ffb10df0000 	C:\Program Files\Android\Android Studio\jbr\bin\server\jvm.dll
0x00007ffbb1b80000 - 0x00007ffbb1c32000 	C:\WINDOWS\System32\ADVAPI32.dll
0x00007ffbb1fe0000 - 0x00007ffbb208a000 	C:\WINDOWS\System32\sechost.dll
0x00007ffbb09a0000 - 0x00007ffbb09c8000 	C:\WINDOWS\System32\bcrypt.dll
0x00007ffbb2110000 - 0x00007ffbb2225000 	C:\WINDOWS\System32\RPCRT4.dll
0x00007ffba8890000 - 0x00007ffba8899000 	C:\WINDOWS\SYSTEM32\WSOCK32.dll
0x00007ffbab4c0000 - 0x00007ffbab4f4000 	C:\WINDOWS\SYSTEM32\WINMM.dll
0x00007ffbab0f0000 - 0x00007ffbab0fa000 	C:\WINDOWS\SYSTEM32\VERSION.dll
0x00007ffbb1a30000 - 0x00007ffbb1aa1000 	C:\WINDOWS\System32\WS2_32.dll
0x00007ffbaf360000 - 0x00007ffbaf378000 	C:\WINDOWS\SYSTEM32\kernel.appcore.dll
0x00007ffba8880000 - 0x00007ffba888a000 	C:\Program Files\Android\Android Studio\jbr\bin\jimage.dll
0x00007ffbadd10000 - 0x00007ffbadf42000 	C:\WINDOWS\SYSTEM32\DBGHELP.DLL
0x00007ffbb1c50000 - 0x00007ffbb1fd8000 	C:\WINDOWS\System32\combase.dll
0x00007ffbb2270000 - 0x00007ffbb2347000 	C:\WINDOWS\System32\OLEAUT32.dll
0x00007ffba5360000 - 0x00007ffba5392000 	C:\WINDOWS\SYSTEM32\dbgcore.DLL
0x00007ffbb09d0000 - 0x00007ffbb0a4b000 	C:\WINDOWS\System32\bcryptPrimitives.dll
0x00007ffba25c0000 - 0x00007ffba25e5000 	C:\Program Files\Android\Android Studio\jbr\bin\java.dll
0x00007ffba2560000 - 0x00007ffba2578000 	C:\Program Files\Android\Android Studio\jbr\bin\zip.dll
0x00007ffbb26b0000 - 0x00007ffbb2f0c000 	C:\WINDOWS\System32\SHELL32.dll
0x00007ffbae190000 - 0x00007ffbaea87000 	C:\WINDOWS\SYSTEM32\windows.storage.dll
0x00007ffbadbd0000 - 0x00007ffbadd0f000 	C:\WINDOWS\SYSTEM32\wintypes.dll
0x00007ffbb1610000 - 0x00007ffbb1704000 	C:\WINDOWS\System32\SHCORE.dll
0x00007ffbb19d0000 - 0x00007ffbb1a2e000 	C:\WINDOWS\System32\shlwapi.dll
0x00007ffbb01b0000 - 0x00007ffbb01d1000 	C:\WINDOWS\SYSTEM32\profapi.dll
0x00007ffba2540000 - 0x00007ffba2559000 	C:\Program Files\Android\Android Studio\jbr\bin\net.dll
0x00007ffbac6e0000 - 0x00007ffbac816000 	C:\WINDOWS\SYSTEM32\WINHTTP.dll
0x00007ffbaf7c0000 - 0x00007ffbaf829000 	C:\WINDOWS\system32\mswsock.dll
0x00007ffba2520000 - 0x00007ffba2536000 	C:\Program Files\Android\Android Studio\jbr\bin\nio.dll
0x00007ffba8870000 - 0x00007ffba8880000 	C:\Program Files\Android\Android Studio\jbr\bin\verify.dll

dbghelp: loaded successfully - version: 4.0.5 - missing functions: none
symbol engine: initialized successfully - sym options: 0x614 - pdb path: .;C:\Program Files\Android\Android Studio\jbr\bin;C:\WINDOWS\SYSTEM32;C:\WINDOWS\WinSxS\amd64_microsoft.windows.common-controls_6595b64144ccf1df_6.0.22621.3672_none_2713b9d173822955;C:\Program Files\Android\Android Studio\jbr\bin\server

VM Arguments:
java_command: org.jetbrains.kotlin.cli.jvm.K2JVMCompiler @C:\Users\62812\AndroidStudioProjects\SkinWise\app\build\20240613_12091175643912049915.compiler.options
java_class_path (initial): C:\Users\62812\.gradle\caches\modules-2\files-2.1\org.jetbrains.kotlin\kotlin-compiler-embeddable\1.9.22\9cd4dc7773cf2a99ecd961a88fbbc9a2da3fb5e1\kotlin-compiler-embeddable-1.9.22.jar;C:\Users\62812\.gradle\caches\modules-2\files-2.1\org.jetbrains.kotlin\kotlin-stdlib\1.9.22\d6c44cd08d8f3f9bece8101216dbe6553365c6e3\kotlin-stdlib-1.9.22.jar;C:\Users\62812\.gradle\caches\modules-2\files-2.1\org.jetbrains.kotlin\kotlin-script-runtime\1.9.22\f8139a46fc677ec9badc49ae954392f4f5e7e7c7\kotlin-script-runtime-1.9.22.jar;C:\Users\62812\.gradle\caches\modules-2\files-2.1\org.jetbrains.kotlin\kotlin-reflect\1.6.10\1cbe9c92c12a94eea200d23c2bbaedaf3daf5132\kotlin-reflect-1.6.10.jar;C:\Users\62812\.gradle\caches\modules-2\files-2.1\org.jetbrains.kotlin\kotlin-daemon-embeddable\1.9.22\20e2c5df715f3240c765cfc222530e2796542021\kotlin-daemon-embeddable-1.9.22.jar;C:\Users\62812\.gradle\caches\modules-2\files-2.1\org.jetbrains.intellij.deps\trove4j\1.0.20200330\3afb14d5f9ceb459d724e907a21145e8ff394f02\trove4j-1.0.20200330.jar;C:\Users\62812\.gradle\caches\modules-2\files-2.1\org.jetbrains\annotations\13.0\919f0dfe192fb4e063e7dacadee7f8bb9a2672a9\annotations-13.0.jar
Launcher Type: SUN_STANDARD

[Global flags]
     intx CICompilerCount                          = 4                                         {product} {ergonomic}
     uint ConcGCThreads                            = 3                                         {product} {ergonomic}
     uint G1ConcRefinementThreads                  = 10                                        {product} {ergonomic}
   size_t G1HeapRegionSize                         = 1048576                                   {product} {ergonomic}
    uintx GCDrainStackTargetSize                   = 64                                        {product} {ergonomic}
   size_t InitialHeapSize                          = 125829120                                 {product} {ergonomic}
   size_t MarkStackSize                            = 4194304                                   {product} {ergonomic}
   size_t MaxHeapSize                              = 1988100096                                {product} {ergonomic}
   size_t MaxNewSize                               = 1192230912                                {product} {ergonomic}
   size_t MinHeapDeltaBytes                        = 1048576                                   {product} {ergonomic}
   size_t MinHeapSize                              = 8388608                                   {product} {ergonomic}
    uintx NonNMethodCodeHeapSize                   = 5839372                                {pd product} {ergonomic}
    uintx NonProfiledCodeHeapSize                  = 122909434                              {pd product} {ergonomic}
    uintx ProfiledCodeHeapSize                     = 122909434                              {pd product} {ergonomic}
    uintx ReservedCodeCacheSize                    = 251658240                              {pd product} {ergonomic}
     bool SegmentedCodeCache                       = true                                      {product} {ergonomic}
   size_t SoftMaxHeapSize                          = 1988100096                             {manageable} {ergonomic}
     bool UseCompressedClassPointers               = true                           {product lp64_product} {ergonomic}
     bool UseCompressedOops                        = true                           {product lp64_product} {ergonomic}
     bool UseG1GC                                  = true                                      {product} {ergonomic}
     bool UseLargePagesIndividualAllocation        = false                                  {pd product} {ergonomic}

Logging:
Log output configuration:
 #0: stdout all=warning uptime,level,tags
 #1: stderr all=off uptime,level,tags

Environment Variables:
JAVA_HOME=C:\Program Files\Java\jdk-21
PATH=C:\Program Files\Common Files\Oracle\Java\javapath;C:\Program Files (x86)\Common Files\Oracle\Java\java8path;C:\Program Files (x86)\Common Files\Oracle\Java\javapath;C:\Program Files\Zulu\zulu-8\bin\;C:\Program Files\ImageMagick-7.1.1-Q16-HDRI;C:\Windows\system32;C:\Windows;C:\Windows\System32\Wbem;C:\Windows\System32\WindowsPowerShell\v1.0\;C:\Windows\System32\OpenSSH\;C:\Program Files (x86)\NVIDIA Corporation\PhysX\Common;C:\Program Files\NVIDIA Corporation\NVIDIA NvDLISR;C:\WINDOWS\system32;C:\WINDOWS;C:\WINDOWS\System32\Wbem;C:\WINDOWS\System32\WindowsPowerShell\v1.0\;C:\WINDOWS\System32\OpenSSH\;C:\Users\62812\anaconda3\Scripts\;C:\Users\62812\anaconda3\;C:\msys64\mingw64\bin;C:\Program Files\Docker\Docker\resources\bin;C:\xampp\php;C:\Program Files\Git\cmd;C:\Users\62812\AppData\Local\Android\Sdk\platform-tools;C:\Program Files\gs\gs10.02.1\bin;C:\gradle-8.6\bin;C:\ProgramData\ComposerSetup\bin;C:\xampp\php\ext;C:\Users\62812\AppData\Roaming\nvm;C:\Program Files\nodejs;C:\Users\62812\AppData\Roaming\nvm;C:\Users\62812\AppData\Local\Microsoft\WindowsApps;C:\Users\62812\AppData\Local\Programs\Microsoft VS Code\bin;C:\MinGW\bin;C:\xampp\php;C:\Users\62812\AppData\Roaming\npm;C:\Users\62812\AppData\Local\Android\Sdk\platform-tools;C:\Program Files\JetBrains\IntelliJ IDEA 2023.3.4\bin;;C:\Program Files\JetBrains\IntelliJ IDEA Community Edition 2023.3.4\bin;;C:\Users\62812\AppData\Roaming\Composer\vendor\bin;C:\xampp\php\ext;C:\Users\62812\AppData\Roaming\nvm;C:\Program Files\nodejs
USERNAME=62812
OS=Windows_NT
PROCESSOR_IDENTIFIER=AMD64 Family 25 Model 80 Stepping 0, AuthenticAMD
TMP=C:\Users\62812\AppData\Local\Temp
TEMP=C:\Users\62812\AppData\Local\Temp


JNI global refs:
JNI global refs: 12, weak refs: 6

JNI global refs memory usage: 843, weak refs: 841

OOME stack traces (most recent first):
Classloader memory used:
Loader jdk.internal.loader.ClassLoaders$AppClassLoader                                 : 7512K
Loader bootstrap                                                                       : 1395K
Loader jdk.internal.reflect.DelegatingClassLoader                                      : 23856B
Loader java.net.URLClassLoader                                                         : 20109B


---------------  S Y S T E M  ---------------

OS:
 Windows 11 , 64 bit Build 22621 (10.0.22621.3672)
OS uptime: 0 days 3:21 hours
Hyper-V role detected

CPU: total 12 (initial active 12) (12 cores per cpu, 2 threads per core) family 25 model 80 stepping 0 microcode 0x0, cx8, cmov, fxsr, ht, mmx, 3dnowpref, sse, sse2, sse3, ssse3, sse4a, sse4.1, sse4.2, popcnt, lzcnt, tsc, tscinvbit, avx, avx2, aes, erms, clmul, bmi1, bmi2, adx, sha, fma, vzeroupper, clflush, clflushopt, hv

Memory: 4k page, system-wide physical 7583M (1054M free)
TotalPageFile size 23474M (AvailPageFile size 1M)
current process WorkingSet (physical memory assigned to process): 494M, peak: 517M
current process commit charge ("private bytes"): 560M, peak: 585M

vm_info: OpenJDK 64-Bit Server VM (17.0.7+0-b2043.56-10550314) for windows-amd64 JRE (17.0.7+0-b2043.56-10550314), built on Jul 24 2023 18:27:45 by "androidbuild" with MS VC++ 16.10 / 16.11 (VS2019)

END.
