#
# There is insufficient memory for the Java Runtime Environment to continue.
# Native memory allocation (mmap) failed to map 130023424 bytes for G1 virtual space
# Possible reasons:
#   The system is out of physical RAM or swap space
#   The process is running with CompressedOops enabled, and the Java Heap may be blocking the growth of the native heap
# Possible solutions:
#   Reduce memory load on the system
#   Increase physical memory or swap space
#   Check if swap backing store is full
#   Decrease Java heap size (-Xmx/-Xms)
#   Decrease number of Java threads
#   Decrease Java thread stack sizes (-Xss)
#   Set larger code cache with -XX:ReservedCodeCacheSize=
#   JVM is running with Unscaled Compressed Oops mode in which the Java heap is
#     placed in the first 4GB address space. The Java Heap base address is the
#     maximum limit for the native heap growth. Please use -XX:HeapBaseMinAddress
#     to set the Java Heap base and to place the Java Heap above 4GB virtual address.
# This output file may be truncated or incomplete.
#
#  Out of Memory Error (os_windows.cpp:3771), pid=14092, tid=13044
#
# JRE version: OpenJDK Runtime Environment (17.0.7) (build 17.0.7+0-b2043.56-10550314)
# Java VM: OpenJDK 64-Bit Server VM (17.0.7+0-b2043.56-10550314, mixed mode, tiered, compressed oops, compressed class ptrs, g1 gc, windows-amd64)
# No core dump will be written. Minidumps are not enabled by default on client versions of Windows
#

---------------  S U M M A R Y ------------

Command Line: org.jetbrains.kotlin.cli.jvm.K2JVMCompiler @C:\Users\62812\AndroidStudioProjects\SkinWise\app\build\20240613_2940373365946277185.compiler.options

Host: AMD Ryzen 5 5600H with Radeon Graphics         , 12 cores, 7G,  Windows 11 , 64 bit Build 22621 (10.0.22621.3672)
Time: Thu Jun 13 06:05:13 2024 SE Asia Standard Time elapsed time: 4.573833 seconds (0d 0h 0m 4s)

---------------  T H R E A D  ---------------

Current thread (0x000001fd95a7cb70):  VMThread "VM Thread" [stack: 0x000000db07700000,0x000000db07800000] [id=13044]

Stack: [0x000000db07700000,0x000000db07800000]
Native frames: (J=compiled Java code, j=interpreted, Vv=VM code, C=native code)
V  [jvm.dll+0x683bfa]
V  [jvm.dll+0x8430a4]
V  [jvm.dll+0x8449be]
V  [jvm.dll+0x845023]
V  [jvm.dll+0x24ad2f]
V  [jvm.dll+0x680ac9]
V  [jvm.dll+0x67519a]
V  [jvm.dll+0x30b3cb]
V  [jvm.dll+0x312876]
V  [jvm.dll+0x36221e]
V  [jvm.dll+0x36244f]
V  [jvm.dll+0x2e14a8]
V  [jvm.dll+0x2df684]
V  [jvm.dll+0x2dec8c]
V  [jvm.dll+0x32382b]
V  [jvm.dll+0x8496eb]
V  [jvm.dll+0x84a424]
V  [jvm.dll+0x84a93d]
V  [jvm.dll+0x84ad14]
V  [jvm.dll+0x84ade0]
V  [jvm.dll+0x7f2aea]
V  [jvm.dll+0x682a35]
C  [ucrtbase.dll+0x29333]
C  [KERNEL32.DLL+0x1257d]
C  [ntdll.dll+0x5af28]

VM_Operation (0x000000db071f7890): G1CollectForAllocation, mode: safepoint, requested by thread 0x000001fdfbc9ff60


---------------  P R O C E S S  ---------------

Threads class SMR info:
_java_thread_list=0x000001fd9a8c5c90, length=14, elements={
0x000001fdfbc9ff60, 0x000001fd95a51260, 0x000001fd95a8e290, 0x000001fd95a67d40,
0x000001fd95bd2f70, 0x000001fd95bd3830, 0x000001fd95bd40f0, 0x000001fd95bd52f0,
0x000001fd95bd5ce0, 0x000001fd95bf57c0, 0x000001fd95d5eb60, 0x000001fd95d77010,
0x000001fd9aac7160, 0x000001fd9aa1d2c0
}

Java Threads: ( => current thread )
  0x000001fdfbc9ff60 JavaThread "main" [_thread_blocked, id=19136, stack(0x000000db07100000,0x000000db07200000)]
  0x000001fd95a51260 JavaThread "Reference Handler" daemon [_thread_blocked, id=13212, stack(0x000000db07800000,0x000000db07900000)]
  0x000001fd95a8e290 JavaThread "Finalizer" daemon [_thread_blocked, id=19144, stack(0x000000db07900000,0x000000db07a00000)]
  0x000001fd95a67d40 JavaThread "Signal Dispatcher" daemon [_thread_blocked, id=19352, stack(0x000000db07a00000,0x000000db07b00000)]
  0x000001fd95bd2f70 JavaThread "Attach Listener" daemon [_thread_blocked, id=18716, stack(0x000000db07b00000,0x000000db07c00000)]
  0x000001fd95bd3830 JavaThread "Service Thread" daemon [_thread_blocked, id=2684, stack(0x000000db07c00000,0x000000db07d00000)]
  0x000001fd95bd40f0 JavaThread "Monitor Deflation Thread" daemon [_thread_blocked, id=17176, stack(0x000000db07d00000,0x000000db07e00000)]
  0x000001fd95bd52f0 JavaThread "C2 CompilerThread0" daemon [_thread_blocked, id=17152, stack(0x000000db07e00000,0x000000db07f00000)]
  0x000001fd95bd5ce0 JavaThread "C1 CompilerThread0" daemon [_thread_blocked, id=18876, stack(0x000000db07f00000,0x000000db08000000)]
  0x000001fd95bf57c0 JavaThread "Sweeper thread" daemon [_thread_blocked, id=580, stack(0x000000db08000000,0x000000db08100000)]
  0x000001fd95d5eb60 JavaThread "Notification Thread" daemon [_thread_blocked, id=16628, stack(0x000000db08100000,0x000000db08200000)]
  0x000001fd95d77010 JavaThread "Common-Cleaner" daemon [_thread_blocked, id=2392, stack(0x000000db08300000,0x000000db08400000)]
  0x000001fd9aac7160 JavaThread "C2 CompilerThread1" daemon [_thread_blocked, id=8368, stack(0x000000db08d00000,0x000000db08e00000)]
  0x000001fd9aa1d2c0 JavaThread "C2 CompilerThread2" daemon [_thread_blocked, id=12376, stack(0x000000db08e00000,0x000000db08f00000)]

Other Threads:
=>0x000001fd95a7cb70 VMThread "VM Thread" [stack: 0x000000db07700000,0x000000db07800000] [id=13044]
  0x000001fdfbd0fcf0 WatcherThread [stack: 0x000000db08200000,0x000000db08300000] [id=6120]
  0x000001fdfbcf8700 GCTaskThread "GC Thread#0" [stack: 0x000000db07200000,0x000000db07300000] [id=17252]
  0x000001fd9a489820 GCTaskThread "GC Thread#1" [stack: 0x000000db08400000,0x000000db08500000] [id=3200]
  0x000001fd9a484fb0 GCTaskThread "GC Thread#2" [stack: 0x000000db08500000,0x000000db08600000] [id=15160]
  0x000001fd9a485260 GCTaskThread "GC Thread#3" [stack: 0x000000db08600000,0x000000db08700000] [id=19240]
  0x000001fd9a485510 GCTaskThread "GC Thread#4" [stack: 0x000000db08700000,0x000000db08800000] [id=18308]
  0x000001fd9a4857c0 GCTaskThread "GC Thread#5" [stack: 0x000000db08800000,0x000000db08900000] [id=10604]
  0x000001fd9a6310f0 GCTaskThread "GC Thread#6" [stack: 0x000000db08900000,0x000000db08a00000] [id=14116]
  0x000001fd9a59a380 GCTaskThread "GC Thread#7" [stack: 0x000000db08a00000,0x000000db08b00000] [id=16800]
  0x000001fd9adc0a30 GCTaskThread "GC Thread#8" [stack: 0x000000db08f00000,0x000000db09000000] [id=5908]
  0x000001fd9adc0f90 GCTaskThread "GC Thread#9" [stack: 0x000000db09000000,0x000000db09100000] [id=16804]
  0x000001fdfbd08340 ConcurrentGCThread "G1 Main Marker" [stack: 0x000000db07300000,0x000000db07400000] [id=18660]
  0x000001fdfbd094f0 ConcurrentGCThread "G1 Conc#0" [stack: 0x000000db07400000,0x000000db07500000] [id=13904]
  0x000001fd9a682080 ConcurrentGCThread "G1 Conc#1" [stack: 0x000000db08b00000,0x000000db08c00000] [id=19308]
  0x000001fd9a92d860 ConcurrentGCThread "G1 Conc#2" [stack: 0x000000db08c00000,0x000000db08d00000] [id=16216]
  0x000001fdfbd56cc0 ConcurrentGCThread "G1 Refine#0" [stack: 0x000000db07500000,0x000000db07600000] [id=15980]
  0x000001fdfbd576e0 ConcurrentGCThread "G1 Service" [stack: 0x000000db07600000,0x000000db07700000] [id=18484]

Threads with active compile tasks:

VM state: at safepoint (normal execution)

VM Mutex/Monitor currently owned by a thread:  ([mutex/lock_event])
[0x000001fdfbc9bbb0] Threads_lock - owner thread: 0x000001fd95a7cb70
[0x000001fdfbc9c300] Heap_lock - owner thread: 0x000001fdfbc9ff60

Heap address: 0x0000000089800000, size: 1896 MB, Compressed Oops mode: 32-bit

CDS archive(s) not mapped
Compressed class space mapped at: 0x0000000100000000-0x0000000140000000, reserved size: 1073741824
Narrow klass base: 0x0000000000000000, Narrow klass shift: 3, Narrow klass range: 0x140000000

GC Precious Log:
 CPUs: 12 total, 12 available
 Memory: 7583M
 Large Page Support: Disabled
 NUMA Support: Disabled
 Compressed Oops: Enabled (32-bit)
 Heap Region Size: 1M
 Heap Min Capacity: 8M
 Heap Initial Capacity: 120M
 Heap Max Capacity: 1896M
 Pre-touch: Disabled
 Parallel Workers: 10
 Concurrent Workers: 3
 Concurrent Refinement Workers: 10
 Periodic GC: Disabled

Heap:
 garbage-first heap   total 126976K, used 57883K [0x0000000089800000, 0x0000000100000000)
  region size 1024K, 1 young (1024K), 1 survivors (1024K)
 Metaspace       used 55987K, committed 56192K, reserved 1114112K
  class space    used 6584K, committed 6656K, reserved 1048576K

Heap Regions: E=young(eden), S=young(survivor), O=old, HS=humongous(starts), HC=humongous(continues), CS=collection set, F=free, OA=open archive, CA=closed archive, TAMS=top-at-mark-start (previous, next)
|   0|0x0000000089800000, 0x0000000089900000, 0x0000000089900000|100%|HS|  |TAMS 0x0000000089900000, 0x0000000089800000| Complete 
|   1|0x0000000089900000, 0x0000000089a00000, 0x0000000089a00000|100%|HC|  |TAMS 0x0000000089a00000, 0x0000000089900000| Complete 
|   2|0x0000000089a00000, 0x0000000089b00000, 0x0000000089b00000|100%|HC|  |TAMS 0x0000000089b00000, 0x0000000089a00000| Complete 
|   3|0x0000000089b00000, 0x0000000089c00000, 0x0000000089c00000|100%|HC|  |TAMS 0x0000000089c00000, 0x0000000089b00000| Complete 
|   4|0x0000000089c00000, 0x0000000089d00000, 0x0000000089d00000|100%| O|  |TAMS 0x0000000089d00000, 0x0000000089c00000| Untracked 
|   5|0x0000000089d00000, 0x0000000089e00000, 0x0000000089e00000|100%| O|  |TAMS 0x0000000089e00000, 0x0000000089d00000| Untracked 
|   6|0x0000000089e00000, 0x0000000089f00000, 0x0000000089f00000|100%| O|  |TAMS 0x0000000089f00000, 0x0000000089e00000| Untracked 
|   7|0x0000000089f00000, 0x0000000089f00000, 0x000000008a000000|  0%| F|  |TAMS 0x0000000089f00000, 0x0000000089f00000| Untracked 
|   8|0x000000008a000000, 0x000000008a100000, 0x000000008a100000|100%| O|  |TAMS 0x000000008a100000, 0x000000008a000000| Untracked 
|   9|0x000000008a100000, 0x000000008a200000, 0x000000008a200000|100%| O|  |TAMS 0x000000008a200000, 0x000000008a100000| Untracked 
|  10|0x000000008a200000, 0x000000008a300000, 0x000000008a300000|100%| O|  |TAMS 0x000000008a300000, 0x000000008a200000| Untracked 
|  11|0x000000008a300000, 0x000000008a400000, 0x000000008a400000|100%| O|  |TAMS 0x000000008a400000, 0x000000008a300000| Untracked 
|  12|0x000000008a400000, 0x000000008a500000, 0x000000008a500000|100%| O|  |TAMS 0x000000008a500000, 0x000000008a400000| Untracked 
|  13|0x000000008a500000, 0x000000008a600000, 0x000000008a600000|100%| O|  |TAMS 0x000000008a600000, 0x000000008a500000| Untracked 
|  14|0x000000008a600000, 0x000000008a700000, 0x000000008a700000|100%| O|  |TAMS 0x000000008a700000, 0x000000008a600000| Untracked 
|  15|0x000000008a700000, 0x000000008a800000, 0x000000008a800000|100%| O|  |TAMS 0x000000008a800000, 0x000000008a700000| Untracked 
|  16|0x000000008a800000, 0x000000008a900000, 0x000000008a900000|100%| O|  |TAMS 0x000000008a900000, 0x000000008a800000| Untracked 
|  17|0x000000008a900000, 0x000000008aa00000, 0x000000008aa00000|100%| O|  |TAMS 0x000000008aa00000, 0x000000008a900000| Untracked 
|  18|0x000000008aa00000, 0x000000008ab00000, 0x000000008ab00000|100%| O|  |TAMS 0x000000008ab00000, 0x000000008aa00000| Untracked 
|  19|0x000000008ab00000, 0x000000008ac00000, 0x000000008ac00000|100%| O|  |TAMS 0x000000008ac00000, 0x000000008ab00000| Untracked 
|  20|0x000000008ac00000, 0x000000008ad00000, 0x000000008ad00000|100%|HS|  |TAMS 0x000000008ad00000, 0x000000008ac00000| Complete 
|  21|0x000000008ad00000, 0x000000008ae00000, 0x000000008ae00000|100%|HC|  |TAMS 0x000000008ae00000, 0x000000008ad00000| Complete 
|  22|0x000000008ae00000, 0x000000008af00000, 0x000000008af00000|100%| O|  |TAMS 0x000000008af00000, 0x000000008ae00000| Untracked 
|  23|0x000000008af00000, 0x000000008b000000, 0x000000008b000000|100%| O|  |TAMS 0x000000008b000000, 0x000000008af00000| Untracked 
|  24|0x000000008b000000, 0x000000008b100000, 0x000000008b100000|100%| O|  |TAMS 0x000000008b100000, 0x000000008b000000| Untracked 
|  25|0x000000008b100000, 0x000000008b200000, 0x000000008b200000|100%| O|  |TAMS 0x000000008b200000, 0x000000008b100000| Untracked 
|  26|0x000000008b200000, 0x000000008b300000, 0x000000008b300000|100%| O|  |TAMS 0x000000008b300000, 0x000000008b200000| Untracked 
|  27|0x000000008b300000, 0x000000008b400000, 0x000000008b400000|100%| O|  |TAMS 0x000000008b400000, 0x000000008b300000| Untracked 
|  28|0x000000008b400000, 0x000000008b500000, 0x000000008b500000|100%| O|  |TAMS 0x000000008b500000, 0x000000008b400000| Untracked 
|  29|0x000000008b500000, 0x000000008b600000, 0x000000008b600000|100%| O|  |TAMS 0x000000008b600000, 0x000000008b500000| Untracked 
|  30|0x000000008b600000, 0x000000008b700000, 0x000000008b700000|100%| O|  |TAMS 0x000000008b700000, 0x000000008b600000| Untracked 
|  31|0x000000008b700000, 0x000000008b800000, 0x000000008b800000|100%| O|  |TAMS 0x000000008b800000, 0x000000008b700000| Untracked 
|  32|0x000000008b800000, 0x000000008b900000, 0x000000008b900000|100%| O|  |TAMS 0x000000008b900000, 0x000000008b800000| Untracked 
|  33|0x000000008b900000, 0x000000008ba00000, 0x000000008ba00000|100%| O|  |TAMS 0x000000008ba00000, 0x000000008b900000| Untracked 
|  34|0x000000008ba00000, 0x000000008bb00000, 0x000000008bb00000|100%| O|  |TAMS 0x000000008bb00000, 0x000000008ba00000| Untracked 
|  35|0x000000008bb00000, 0x000000008bc00000, 0x000000008bc00000|100%| O|  |TAMS 0x000000008bc00000, 0x000000008bb00000| Untracked 
|  36|0x000000008bc00000, 0x000000008bd00000, 0x000000008bd00000|100%| O|  |TAMS 0x000000008bd00000, 0x000000008bc00000| Untracked 
|  37|0x000000008bd00000, 0x000000008be00000, 0x000000008be00000|100%| O|  |TAMS 0x000000008be00000, 0x000000008bd00000| Untracked 
|  38|0x000000008be00000, 0x000000008bf00000, 0x000000008bf00000|100%| O|  |TAMS 0x000000008bf00000, 0x000000008be00000| Untracked 
|  39|0x000000008bf00000, 0x000000008c000000, 0x000000008c000000|100%| O|  |TAMS 0x000000008c000000, 0x000000008bf00000| Untracked 
|  40|0x000000008c000000, 0x000000008c100000, 0x000000008c100000|100%| O|  |TAMS 0x000000008c100000, 0x000000008c000000| Untracked 
|  41|0x000000008c100000, 0x000000008c200000, 0x000000008c200000|100%| O|  |TAMS 0x000000008c200000, 0x000000008c100000| Untracked 
|  42|0x000000008c200000, 0x000000008c300000, 0x000000008c300000|100%| O|  |TAMS 0x000000008c300000, 0x000000008c200000| Untracked 
|  43|0x000000008c300000, 0x000000008c400000, 0x000000008c400000|100%| O|  |TAMS 0x000000008c400000, 0x000000008c300000| Untracked 
|  44|0x000000008c400000, 0x000000008c500000, 0x000000008c500000|100%| O|  |TAMS 0x000000008c500000, 0x000000008c400000| Untracked 
|  45|0x000000008c500000, 0x000000008c600000, 0x000000008c600000|100%| O|  |TAMS 0x000000008c600000, 0x000000008c500000| Untracked 
|  46|0x000000008c600000, 0x000000008c700000, 0x000000008c700000|100%| O|  |TAMS 0x000000008c700000, 0x000000008c600000| Untracked 
|  47|0x000000008c700000, 0x000000008c800000, 0x000000008c800000|100%| O|  |TAMS 0x000000008c800000, 0x000000008c700000| Untracked 
|  48|0x000000008c800000, 0x000000008c900000, 0x000000008c900000|100%| O|  |TAMS 0x000000008c8da000, 0x000000008c800000| Untracked 
|  49|0x000000008c900000, 0x000000008ca00000, 0x000000008ca00000|100%| O|  |TAMS 0x000000008c900000, 0x000000008c900000| Untracked 
|  50|0x000000008ca00000, 0x000000008cb00000, 0x000000008cb00000|100%| O|  |TAMS 0x000000008ca00000, 0x000000008ca00000| Untracked 
|  51|0x000000008cb00000, 0x000000008cc00000, 0x000000008cc00000|100%| O|  |TAMS 0x000000008cb00000, 0x000000008cb00000| Untracked 
|  52|0x000000008cc00000, 0x000000008cd00000, 0x000000008cd00000|100%| O|  |TAMS 0x000000008cc00000, 0x000000008cc00000| Untracked 
|  53|0x000000008cd00000, 0x000000008ce00000, 0x000000008ce00000|100%| O|  |TAMS 0x000000008cd00000, 0x000000008cd00000| Untracked 
|  54|0x000000008ce00000, 0x000000008cf00000, 0x000000008cf00000|100%| O|  |TAMS 0x000000008ce00000, 0x000000008ce00000| Untracked 
|  55|0x000000008cf00000, 0x000000008d000000, 0x000000008d000000|100%| O|  |TAMS 0x000000008cf00000, 0x000000008cf00000| Untracked 
|  56|0x000000008d000000, 0x000000008d0ffa00, 0x000000008d100000| 99%| O|  |TAMS 0x000000008d000000, 0x000000008d000000| Untracked 
|  57|0x000000008d100000, 0x000000008d100000, 0x000000008d200000|  0%| F|  |TAMS 0x000000008d100000, 0x000000008d100000| Untracked 
|  58|0x000000008d200000, 0x000000008d200000, 0x000000008d300000|  0%| F|  |TAMS 0x000000008d200000, 0x000000008d200000| Untracked 
|  59|0x000000008d300000, 0x000000008d300000, 0x000000008d400000|  0%| F|  |TAMS 0x000000008d300000, 0x000000008d300000| Untracked 
|  60|0x000000008d400000, 0x000000008d400000, 0x000000008d500000|  0%| F|  |TAMS 0x000000008d400000, 0x000000008d400000| Untracked 
|  61|0x000000008d500000, 0x000000008d500000, 0x000000008d600000|  0%| F|  |TAMS 0x000000008d500000, 0x000000008d500000| Untracked 
|  62|0x000000008d600000, 0x000000008d600000, 0x000000008d700000|  0%| F|  |TAMS 0x000000008d600000, 0x000000008d600000| Untracked 
|  63|0x000000008d700000, 0x000000008d700000, 0x000000008d800000|  0%| F|  |TAMS 0x000000008d700000, 0x000000008d700000| Untracked 
|  64|0x000000008d800000, 0x000000008d800000, 0x000000008d900000|  0%| F|  |TAMS 0x000000008d800000, 0x000000008d800000| Untracked 
|  65|0x000000008d900000, 0x000000008d900000, 0x000000008da00000|  0%| F|  |TAMS 0x000000008d900000, 0x000000008d900000| Untracked 
|  66|0x000000008da00000, 0x000000008da00000, 0x000000008db00000|  0%| F|  |TAMS 0x000000008da00000, 0x000000008da00000| Untracked 
|  67|0x000000008db00000, 0x000000008db00000, 0x000000008dc00000|  0%| F|  |TAMS 0x000000008db00000, 0x000000008db00000| Untracked 
|  68|0x000000008dc00000, 0x000000008dc00000, 0x000000008dd00000|  0%| F|  |TAMS 0x000000008dc00000, 0x000000008dc00000| Untracked 
|  69|0x000000008dd00000, 0x000000008dd00000, 0x000000008de00000|  0%| F|  |TAMS 0x000000008dd00000, 0x000000008dd00000| Untracked 
|  70|0x000000008de00000, 0x000000008de00000, 0x000000008df00000|  0%| F|  |TAMS 0x000000008de00000, 0x000000008de00000| Untracked 
|  71|0x000000008df00000, 0x000000008df00000, 0x000000008e000000|  0%| F|  |TAMS 0x000000008df00000, 0x000000008df00000| Untracked 
|  72|0x000000008e000000, 0x000000008e000000, 0x000000008e100000|  0%| F|  |TAMS 0x000000008e000000, 0x000000008e000000| Untracked 
|  73|0x000000008e100000, 0x000000008e100000, 0x000000008e200000|  0%| F|  |TAMS 0x000000008e100000, 0x000000008e100000| Untracked 
|  74|0x000000008e200000, 0x000000008e200000, 0x000000008e300000|  0%| F|  |TAMS 0x000000008e200000, 0x000000008e200000| Untracked 
|  75|0x000000008e300000, 0x000000008e300000, 0x000000008e400000|  0%| F|  |TAMS 0x000000008e300000, 0x000000008e300000| Untracked 
|  76|0x000000008e400000, 0x000000008e400000, 0x000000008e500000|  0%| F|  |TAMS 0x000000008e400000, 0x000000008e400000| Untracked 
|  77|0x000000008e500000, 0x000000008e500000, 0x000000008e600000|  0%| F|  |TAMS 0x000000008e500000, 0x000000008e500000| Untracked 
|  78|0x000000008e600000, 0x000000008e600000, 0x000000008e700000|  0%| F|  |TAMS 0x000000008e600000, 0x000000008e600000| Untracked 
|  79|0x000000008e700000, 0x000000008e700000, 0x000000008e800000|  0%| F|  |TAMS 0x000000008e700000, 0x000000008e700000| Untracked 
|  80|0x000000008e800000, 0x000000008e800000, 0x000000008e900000|  0%| F|  |TAMS 0x000000008e800000, 0x000000008e800000| Untracked 
|  81|0x000000008e900000, 0x000000008e900000, 0x000000008ea00000|  0%| F|  |TAMS 0x000000008e900000, 0x000000008e900000| Untracked 
|  82|0x000000008ea00000, 0x000000008ea00000, 0x000000008eb00000|  0%| F|  |TAMS 0x000000008ea00000, 0x000000008ea00000| Untracked 
|  83|0x000000008eb00000, 0x000000008eb00000, 0x000000008ec00000|  0%| F|  |TAMS 0x000000008eb00000, 0x000000008eb00000| Untracked 
|  84|0x000000008ec00000, 0x000000008ec00000, 0x000000008ed00000|  0%| F|  |TAMS 0x000000008ec00000, 0x000000008ec00000| Untracked 
|  85|0x000000008ed00000, 0x000000008ed00000, 0x000000008ee00000|  0%| F|  |TAMS 0x000000008ed00000, 0x000000008ed00000| Untracked 
|  86|0x000000008ee00000, 0x000000008ee00000, 0x000000008ef00000|  0%| F|  |TAMS 0x000000008ee00000, 0x000000008ee00000| Untracked 
|  87|0x000000008ef00000, 0x000000008ef00000, 0x000000008f000000|  0%| F|  |TAMS 0x000000008ef00000, 0x000000008ef00000| Untracked 
|  88|0x000000008f000000, 0x000000008f000000, 0x000000008f100000|  0%| F|  |TAMS 0x000000008f000000, 0x000000008f000000| Untracked 
|  89|0x000000008f100000, 0x000000008f100000, 0x000000008f200000|  0%| F|  |TAMS 0x000000008f100000, 0x000000008f100000| Untracked 
|  90|0x000000008f200000, 0x000000008f200000, 0x000000008f300000|  0%| F|  |TAMS 0x000000008f200000, 0x000000008f200000| Untracked 
|  91|0x000000008f300000, 0x000000008f300000, 0x000000008f400000|  0%| F|  |TAMS 0x000000008f300000, 0x000000008f300000| Untracked 
|  92|0x000000008f400000, 0x000000008f400000, 0x000000008f500000|  0%| F|  |TAMS 0x000000008f400000, 0x000000008f400000| Untracked 
|  93|0x000000008f500000, 0x000000008f500000, 0x000000008f600000|  0%| F|  |TAMS 0x000000008f500000, 0x000000008f500000| Untracked 
|  94|0x000000008f600000, 0x000000008f600000, 0x000000008f700000|  0%| F|  |TAMS 0x000000008f600000, 0x000000008f600000| Untracked 
|  95|0x000000008f700000, 0x000000008f700000, 0x000000008f800000|  0%| F|  |TAMS 0x000000008f700000, 0x000000008f700000| Untracked 
|  96|0x000000008f800000, 0x000000008f800000, 0x000000008f900000|  0%| F|  |TAMS 0x000000008f800000, 0x000000008f800000| Untracked 
|  97|0x000000008f900000, 0x000000008f900000, 0x000000008fa00000|  0%| F|  |TAMS 0x000000008f900000, 0x000000008f900000| Untracked 
|  98|0x000000008fa00000, 0x000000008fa00000, 0x000000008fb00000|  0%| F|  |TAMS 0x000000008fa00000, 0x000000008fa00000| Untracked 
|  99|0x000000008fb00000, 0x000000008fb00000, 0x000000008fc00000|  0%| F|  |TAMS 0x000000008fb00000, 0x000000008fb00000| Untracked 
| 100|0x000000008fc00000, 0x000000008fc00000, 0x000000008fd00000|  0%| F|  |TAMS 0x000000008fc00000, 0x000000008fc00000| Untracked 
| 101|0x000000008fd00000, 0x000000008fd00000, 0x000000008fe00000|  0%| F|  |TAMS 0x000000008fd00000, 0x000000008fd00000| Untracked 
| 102|0x000000008fe00000, 0x000000008fe00000, 0x000000008ff00000|  0%| F|  |TAMS 0x000000008fe00000, 0x000000008fe00000| Untracked 
| 103|0x000000008ff00000, 0x000000008ff00000, 0x0000000090000000|  0%| F|  |TAMS 0x000000008ff00000, 0x000000008ff00000| Untracked 
| 104|0x0000000090000000, 0x0000000090000000, 0x0000000090100000|  0%| F|  |TAMS 0x0000000090000000, 0x0000000090000000| Untracked 
| 105|0x0000000090100000, 0x0000000090100000, 0x0000000090200000|  0%| F|  |TAMS 0x0000000090100000, 0x0000000090100000| Untracked 
| 106|0x0000000090200000, 0x0000000090200000, 0x0000000090300000|  0%| F|  |TAMS 0x0000000090200000, 0x0000000090200000| Untracked 
| 107|0x0000000090300000, 0x0000000090300000, 0x0000000090400000|  0%| F|  |TAMS 0x0000000090300000, 0x0000000090300000| Untracked 
| 108|0x0000000090400000, 0x0000000090400000, 0x0000000090500000|  0%| F|  |TAMS 0x0000000090400000, 0x0000000090400000| Untracked 
| 109|0x0000000090500000, 0x0000000090500000, 0x0000000090600000|  0%| F|  |TAMS 0x0000000090500000, 0x0000000090500000| Untracked 
| 110|0x0000000090600000, 0x0000000090600000, 0x0000000090700000|  0%| F|  |TAMS 0x0000000090600000, 0x0000000090600000| Untracked 
| 111|0x0000000090700000, 0x0000000090700000, 0x0000000090800000|  0%| F|  |TAMS 0x0000000090700000, 0x0000000090700000| Untracked 
| 112|0x0000000090800000, 0x0000000090800000, 0x0000000090900000|  0%| F|  |TAMS 0x0000000090800000, 0x0000000090800000| Untracked 
| 113|0x0000000090900000, 0x0000000090900000, 0x0000000090a00000|  0%| F|  |TAMS 0x0000000090900000, 0x0000000090900000| Untracked 
| 114|0x0000000090a00000, 0x0000000090a00000, 0x0000000090b00000|  0%| F|  |TAMS 0x0000000090a00000, 0x0000000090a00000| Untracked 
| 115|0x0000000090b00000, 0x0000000090b00000, 0x0000000090c00000|  0%| F|  |TAMS 0x0000000090b00000, 0x0000000090b00000| Untracked 
| 116|0x0000000090c00000, 0x0000000090c00000, 0x0000000090d00000|  0%| F|  |TAMS 0x0000000090c00000, 0x0000000090c00000| Untracked 
| 117|0x0000000090d00000, 0x0000000090d00000, 0x0000000090e00000|  0%| F|  |TAMS 0x0000000090d00000, 0x0000000090d00000| Untracked 
| 118|0x0000000090e00000, 0x0000000090e87430, 0x0000000090f00000| 52%| S|CS|TAMS 0x0000000090e00000, 0x0000000090e00000| Complete 
| 119|0x0000000090f00000, 0x0000000090f00000, 0x0000000091000000|  0%| F|  |TAMS 0x0000000090f00000, 0x0000000090f00000| Untracked 
| 120|0x0000000091000000, 0x0000000091000000, 0x0000000091100000|  0%| F|  |TAMS 0x0000000091000000, 0x0000000091000000| Untracked 
| 121|0x0000000091100000, 0x0000000091100000, 0x0000000091200000|  0%| F|  |TAMS 0x0000000091100000, 0x0000000091100000| Untracked 
| 122|0x0000000091200000, 0x0000000091200000, 0x0000000091300000|  0%| F|  |TAMS 0x0000000091200000, 0x0000000091200000| Untracked 
| 123|0x0000000091300000, 0x0000000091300000, 0x0000000091400000|  0%| F|  |TAMS 0x0000000091300000, 0x0000000091300000| Untracked 

Card table byte_map: [0x000001fdffa80000,0x000001fdffe40000] _byte_map_base: 0x000001fdff634000

Marking Bits (Prev, Next): (CMBitMap*) 0x000001fdfbcf8d50, (CMBitMap*) 0x000001fdfbcf8d10
 Prev Bits: [0x000001fd91160000, 0x000001fd92f00000)
 Next Bits: [0x000001fd8f3c0000, 0x000001fd91160000)

Polling page: 0x000001fdf9a30000

Metaspace:

Usage:
  Non-class:     48.24 MB used.
      Class:      6.43 MB used.
       Both:     54.68 MB used.

Virtual space:
  Non-class space:       64.00 MB reserved,      48.38 MB ( 76%) committed,  1 nodes.
      Class space:        1.00 GB reserved,       6.50 MB ( <1%) committed,  1 nodes.
             Both:        1.06 GB reserved,      54.88 MB (  5%) committed. 

Chunk freelists:
   Non-Class:  14.89 MB
       Class:  9.44 MB
        Both:  24.33 MB

MaxMetaspaceSize: unlimited
CompressedClassSpaceSize: 1.00 GB
Initial GC threshold: 21.00 MB
Current GC threshold: 88.69 MB
CDS: off
MetaspaceReclaimPolicy: balanced
 - commit_granule_bytes: 65536.
 - commit_granule_words: 8192.
 - virtual_space_node_default_size: 8388608.
 - enlarge_chunks_in_place: 1.
 - new_chunks_are_fully_committed: 0.
 - uncommit_free_chunks: 1.
 - use_allocation_guard: 0.
 - handle_deallocations: 1.


Internal statistics:

num_allocs_failed_limit: 6.
num_arena_births: 264.
num_arena_deaths: 0.
num_vsnodes_births: 2.
num_vsnodes_deaths: 0.
num_space_committed: 876.
num_space_uncommitted: 0.
num_chunks_returned_to_freelist: 6.
num_chunks_taken_from_freelist: 2041.
num_chunk_merges: 6.
num_chunk_splits: 1598.
num_chunks_enlarged: 1390.
num_inconsistent_stats: 0.

CodeHeap 'non-profiled nmethods': size=120000Kb used=3605Kb max_used=3605Kb free=116395Kb
 bounds [0x000001fd87ad0000, 0x000001fd87e60000, 0x000001fd8f000000]
CodeHeap 'profiled nmethods': size=120000Kb used=14992Kb max_used=14992Kb free=105007Kb
 bounds [0x000001fd80000000, 0x000001fd80eb0000, 0x000001fd87530000]
CodeHeap 'non-nmethods': size=5760Kb used=1292Kb max_used=1341Kb free=4467Kb
 bounds [0x000001fd87530000, 0x000001fd877a0000, 0x000001fd87ad0000]
 total_blobs=6828 nmethods=6226 adapters=513
 compilation: enabled
              stopped_count=0, restarted_count=0
 full_count=0

Compilation events (20 events):
Event: 4.563 Thread 0x000001fd95bd5ce0 7160       3       org.jetbrains.kotlin.com.intellij.psi.stubs.MaterialStubList::get (6 bytes)
Event: 4.563 Thread 0x000001fd95bd5ce0 nmethod 7160 0x000001fd80e9eb10 code [0x000001fd80e9ecc0, 0x000001fd80e9efc8]
Event: 4.563 Thread 0x000001fd95bd5ce0 7159       3       org.jetbrains.kotlin.com.intellij.psi.stubs.StubList::addStub (139 bytes)
Event: 4.564 Thread 0x000001fd95bd5ce0 nmethod 7159 0x000001fd80e9f110 code [0x000001fd80e9f440, 0x000001fd80ea05c8]
Event: 4.564 Thread 0x000001fd95bd5ce0 7161       1       org.jetbrains.kotlin.com.intellij.psi.stubs.MaterialStubList::access$000 (5 bytes)
Event: 4.564 Thread 0x000001fd95bd5ce0 nmethod 7161 0x000001fd87e54e10 code [0x000001fd87e54fa0, 0x000001fd87e55058]
Event: 4.564 Thread 0x000001fd95bd5ce0 7154       3       sun.misc.Unsafe::getObjectVolatile (9 bytes)
Event: 4.564 Thread 0x000001fd95bd5ce0 nmethod 7154 0x000001fd8083c710 code [0x000001fd8083c8a0, 0x000001fd8083c9f8]
Event: 4.564 Thread 0x000001fd95bd5ce0 7162       1       org.jetbrains.kotlin.com.intellij.psi.stubs.StubList$1::size (5 bytes)
Event: 4.564 Thread 0x000001fd95bd5ce0 nmethod 7162 0x000001fd87e55110 code [0x000001fd87e552a0, 0x000001fd87e55378]
Event: 4.564 Thread 0x000001fd95bd5ce0 7155       3       org.jetbrains.kotlin.com.intellij.psi.stubs.StubBase::<init> (46 bytes)
Event: 4.564 Thread 0x000001fd95bd5ce0 nmethod 7155 0x000001fd80ea0d10 code [0x000001fd80ea0f20, 0x000001fd80ea1808]
Event: 4.564 Thread 0x000001fd95bd5ce0 7163       3       org.jetbrains.kotlin.com.intellij.psi.stubs.StubList$TempState::ensureCapacityForNextChild (153 bytes)
Event: 4.565 Thread 0x000001fd95bd5ce0 nmethod 7163 0x000001fd80ea1a90 code [0x000001fd80ea1d60, 0x000001fd80ea2e38]
Event: 4.565 Thread 0x000001fd95bd5ce0 7156       3       org.jetbrains.kotlin.com.intellij.psi.stubs.ObjectStubBase::<init> (10 bytes)
Event: 4.565 Thread 0x000001fd95bd5ce0 nmethod 7156 0x000001fd80ea3390 code [0x000001fd80ea3540, 0x000001fd80ea3838]
Event: 4.565 Thread 0x000001fd95bd5ce0 7157       3       org.jetbrains.kotlin.com.intellij.psi.stubs.MaterialStubList::addStub (25 bytes)
Event: 4.565 Thread 0x000001fd95bd5ce0 nmethod 7157 0x000001fd80ea3990 code [0x000001fd80ea3b60, 0x000001fd80ea3e08]
Event: 4.565 Thread 0x000001fd95bd5ce0 7148       3       java.lang.invoke.LambdaMetafactory::metafactory (71 bytes)
Event: 4.566 Thread 0x000001fd95bd5ce0 nmethod 7148 0x000001fd80ea3f10 code [0x000001fd80ea41a0, 0x000001fd80ea4ca8]

GC Heap History (20 events):
Event: 2.449 GC heap after
{Heap after GC invocations=12 (full 0):
 garbage-first heap   total 82944K, used 30914K [0x0000000089800000, 0x0000000100000000)
  region size 1024K, 2 young (2048K), 2 survivors (2048K)
 Metaspace       used 44283K, committed 44416K, reserved 1114112K
  class space    used 5304K, committed 5376K, reserved 1048576K
}
Event: 2.594 GC heap before
{Heap before GC invocations=13 (full 0):
 garbage-first heap   total 82944K, used 58562K [0x0000000089800000, 0x0000000100000000)
  region size 1024K, 28 young (28672K), 2 survivors (2048K)
 Metaspace       used 45190K, committed 45440K, reserved 1114112K
  class space    used 5411K, committed 5504K, reserved 1048576K
}
Event: 2.598 GC heap after
{Heap after GC invocations=14 (full 0):
 garbage-first heap   total 82944K, used 33222K [0x0000000089800000, 0x0000000100000000)
  region size 1024K, 4 young (4096K), 4 survivors (4096K)
 Metaspace       used 45190K, committed 45440K, reserved 1114112K
  class space    used 5411K, committed 5504K, reserved 1048576K
}
Event: 3.068 GC heap before
{Heap before GC invocations=14 (full 0):
 garbage-first heap   total 82944K, used 57798K [0x0000000089800000, 0x0000000100000000)
  region size 1024K, 29 young (29696K), 4 survivors (4096K)
 Metaspace       used 50492K, committed 50752K, reserved 1114112K
  class space    used 6021K, committed 6144K, reserved 1048576K
}
Event: 3.075 GC heap after
{Heap after GC invocations=15 (full 0):
 garbage-first heap   total 82944K, used 35491K [0x0000000089800000, 0x0000000100000000)
  region size 1024K, 4 young (4096K), 4 survivors (4096K)
 Metaspace       used 50492K, committed 50752K, reserved 1114112K
  class space    used 6021K, committed 6144K, reserved 1048576K
}
Event: 3.295 GC heap before
{Heap before GC invocations=15 (full 0):
 garbage-first heap   total 82944K, used 59043K [0x0000000089800000, 0x0000000100000000)
  region size 1024K, 28 young (28672K), 4 survivors (4096K)
 Metaspace       used 51570K, committed 51840K, reserved 1114112K
  class space    used 6122K, committed 6272K, reserved 1048576K
}
Event: 3.304 GC heap after
{Heap after GC invocations=16 (full 0):
 garbage-first heap   total 82944K, used 39466K [0x0000000089800000, 0x0000000100000000)
  region size 1024K, 4 young (4096K), 4 survivors (4096K)
 Metaspace       used 51570K, committed 51840K, reserved 1114112K
  class space    used 6122K, committed 6272K, reserved 1048576K
}
Event: 3.689 GC heap before
{Heap before GC invocations=16 (full 0):
 garbage-first heap   total 82944K, used 60970K [0x0000000089800000, 0x0000000100000000)
  region size 1024K, 26 young (26624K), 4 survivors (4096K)
 Metaspace       used 53338K, committed 53568K, reserved 1114112K
  class space    used 6287K, committed 6400K, reserved 1048576K
}
Event: 3.700 GC heap after
{Heap after GC invocations=17 (full 0):
 garbage-first heap   total 82944K, used 44618K [0x0000000089800000, 0x0000000100000000)
  region size 1024K, 4 young (4096K), 4 survivors (4096K)
 Metaspace       used 53338K, committed 53568K, reserved 1114112K
  class space    used 6287K, committed 6400K, reserved 1048576K
}
Event: 3.888 GC heap before
{Heap before GC invocations=17 (full 0):
 garbage-first heap   total 82944K, used 63050K [0x0000000089800000, 0x0000000100000000)
  region size 1024K, 22 young (22528K), 4 survivors (4096K)
 Metaspace       used 53759K, committed 54016K, reserved 1114112K
  class space    used 6297K, committed 6400K, reserved 1048576K
}
Event: 3.899 GC heap after
{Heap after GC invocations=18 (full 0):
 garbage-first heap   total 103424K, used 48128K [0x0000000089800000, 0x0000000100000000)
  region size 1024K, 3 young (3072K), 3 survivors (3072K)
 Metaspace       used 53759K, committed 54016K, reserved 1114112K
  class space    used 6297K, committed 6400K, reserved 1048576K
}
Event: 4.164 GC heap before
{Heap before GC invocations=19 (full 0):
 garbage-first heap   total 103424K, used 76800K [0x0000000089800000, 0x0000000100000000)
  region size 1024K, 31 young (31744K), 3 survivors (3072K)
 Metaspace       used 54025K, committed 54272K, reserved 1114112K
  class space    used 6304K, committed 6400K, reserved 1048576K
}
Event: 4.179 GC heap after
{Heap after GC invocations=20 (full 0):
 garbage-first heap   total 103424K, used 54120K [0x0000000089800000, 0x0000000100000000)
  region size 1024K, 4 young (4096K), 4 survivors (4096K)
 Metaspace       used 54025K, committed 54272K, reserved 1114112K
  class space    used 6304K, committed 6400K, reserved 1048576K
}
Event: 4.313 GC heap before
{Heap before GC invocations=20 (full 0):
 garbage-first heap   total 103424K, used 78696K [0x0000000089800000, 0x0000000100000000)
  region size 1024K, 28 young (28672K), 4 survivors (4096K)
 Metaspace       used 54230K, committed 54400K, reserved 1114112K
  class space    used 6322K, committed 6400K, reserved 1048576K
}
Event: 4.326 GC heap after
{Heap after GC invocations=21 (full 0):
 garbage-first heap   total 103424K, used 58123K [0x0000000089800000, 0x0000000100000000)
  region size 1024K, 4 young (4096K), 4 survivors (4096K)
 Metaspace       used 54230K, committed 54400K, reserved 1114112K
  class space    used 6322K, committed 6400K, reserved 1048576K
}
Event: 4.373 GC heap before
{Heap before GC invocations=21 (full 0):
 garbage-first heap   total 126976K, used 80651K [0x0000000089800000, 0x0000000100000000)
  region size 1024K, 26 young (26624K), 4 survivors (4096K)
 Metaspace       used 54237K, committed 54464K, reserved 1114112K
  class space    used 6322K, committed 6400K, reserved 1048576K
}
Event: 4.377 GC heap after
{Heap after GC invocations=22 (full 0):
 garbage-first heap   total 126976K, used 58935K [0x0000000089800000, 0x0000000100000000)
  region size 1024K, 1 young (1024K), 1 survivors (1024K)
 Metaspace       used 54237K, committed 54464K, reserved 1114112K
  class space    used 6322K, committed 6400K, reserved 1048576K
}
Event: 4.460 GC heap before
{Heap before GC invocations=23 (full 0):
 garbage-first heap   total 126976K, used 95799K [0x0000000089800000, 0x0000000100000000)
  region size 1024K, 37 young (37888K), 1 survivors (1024K)
 Metaspace       used 54446K, committed 54656K, reserved 1114112K
  class space    used 6348K, committed 6464K, reserved 1048576K
}
Event: 4.462 GC heap after
{Heap after GC invocations=24 (full 0):
 garbage-first heap   total 126976K, used 58368K [0x0000000089800000, 0x0000000100000000)
  region size 1024K, 1 young (1024K), 1 survivors (1024K)
 Metaspace       used 54446K, committed 54656K, reserved 1114112K
  class space    used 6348K, committed 6464K, reserved 1048576K
}
Event: 4.566 GC heap before
{Heap before GC invocations=24 (full 0):
 garbage-first heap   total 126976K, used 63488K [0x0000000089800000, 0x0000000100000000)
  region size 1024K, 6 young (6144K), 1 survivors (1024K)
 Metaspace       used 55987K, committed 56192K, reserved 1114112K
  class space    used 6584K, committed 6656K, reserved 1048576K
}

Dll operation events (2 events):
Event: 0.007 Loaded shared library C:\Program Files\Android\Android Studio\jbr\bin\java.dll
Event: 0.776 Loaded shared library C:\Program Files\Android\Android Studio\jbr\bin\verify.dll

Deoptimization events (20 events):
Event: 4.453 Thread 0x000001fdfbc9ff60 Uncommon trap: trap_request=0xffffffc6 fr.pc=0x000001fd87c1643c relative=0x00000000000000fc
Event: 4.453 Thread 0x000001fdfbc9ff60 Uncommon trap: reason=bimorphic_or_optimized_type_check action=maybe_recompile pc=0x000001fd87c1643c method=org.jetbrains.kotlin.types.model.TypeSystemContext.lowerBoundIfFlexible(Lorg/jetbrains/kotlin/types/model/KotlinTypeMarker;)Lorg/jetbrains/kotlin/t
Event: 4.453 Thread 0x000001fdfbc9ff60 DEOPT PACKING pc=0x000001fd87c1643c sp=0x000000db071fca90
Event: 4.453 Thread 0x000001fdfbc9ff60 DEOPT UNPACKING pc=0x000001fd875869a3 sp=0x000000db071fca28 mode 2
Event: 4.476 Thread 0x000001fdfbc9ff60 Uncommon trap: trap_request=0xffffffc6 fr.pc=0x000001fd87d4d3d8 relative=0x0000000000000ab8
Event: 4.476 Thread 0x000001fdfbc9ff60 Uncommon trap: reason=bimorphic_or_optimized_type_check action=maybe_recompile pc=0x000001fd87d4d3d8 method=org.jetbrains.kotlin.com.intellij.extapi.psi.StubBasedPsiElementBase.getStubOrPsiChild(Lorg/jetbrains/kotlin/com/intellij/psi/stubs/IStubElementTyp
Event: 4.476 Thread 0x000001fdfbc9ff60 DEOPT PACKING pc=0x000001fd87d4d3d8 sp=0x000000db071fb2b0
Event: 4.476 Thread 0x000001fdfbc9ff60 DEOPT UNPACKING pc=0x000001fd875869a3 sp=0x000000db071fb278 mode 2
Event: 4.491 Thread 0x000001fdfbc9ff60 Uncommon trap: trap_request=0xffffffc6 fr.pc=0x000001fd87d4d3d8 relative=0x0000000000000ab8
Event: 4.491 Thread 0x000001fdfbc9ff60 Uncommon trap: reason=bimorphic_or_optimized_type_check action=maybe_recompile pc=0x000001fd87d4d3d8 method=org.jetbrains.kotlin.com.intellij.extapi.psi.StubBasedPsiElementBase.getStubOrPsiChild(Lorg/jetbrains/kotlin/com/intellij/psi/stubs/IStubElementTyp
Event: 4.491 Thread 0x000001fdfbc9ff60 DEOPT PACKING pc=0x000001fd87d4d3d8 sp=0x000000db071fa6c0
Event: 4.491 Thread 0x000001fdfbc9ff60 DEOPT UNPACKING pc=0x000001fd875869a3 sp=0x000000db071fa678 mode 2
Event: 4.493 Thread 0x000001fdfbc9ff60 Uncommon trap: trap_request=0xffffffc6 fr.pc=0x000001fd87d4d3d8 relative=0x0000000000000ab8
Event: 4.493 Thread 0x000001fdfbc9ff60 Uncommon trap: reason=bimorphic_or_optimized_type_check action=maybe_recompile pc=0x000001fd87d4d3d8 method=org.jetbrains.kotlin.com.intellij.extapi.psi.StubBasedPsiElementBase.getStubOrPsiChild(Lorg/jetbrains/kotlin/com/intellij/psi/stubs/IStubElementTyp
Event: 4.493 Thread 0x000001fdfbc9ff60 DEOPT PACKING pc=0x000001fd87d4d3d8 sp=0x000000db071fb2b0
Event: 4.493 Thread 0x000001fdfbc9ff60 DEOPT UNPACKING pc=0x000001fd875869a3 sp=0x000000db071fb278 mode 2
Event: 4.494 Thread 0x000001fdfbc9ff60 Uncommon trap: trap_request=0xffffffc6 fr.pc=0x000001fd87d4d3d8 relative=0x0000000000000ab8
Event: 4.494 Thread 0x000001fdfbc9ff60 Uncommon trap: reason=bimorphic_or_optimized_type_check action=maybe_recompile pc=0x000001fd87d4d3d8 method=org.jetbrains.kotlin.com.intellij.extapi.psi.StubBasedPsiElementBase.getStubOrPsiChild(Lorg/jetbrains/kotlin/com/intellij/psi/stubs/IStubElementTyp
Event: 4.494 Thread 0x000001fdfbc9ff60 DEOPT PACKING pc=0x000001fd87d4d3d8 sp=0x000000db071fa6c0
Event: 4.494 Thread 0x000001fdfbc9ff60 DEOPT UNPACKING pc=0x000001fd875869a3 sp=0x000000db071fa678 mode 2

Classes unloaded (0 events):
No events

Classes redefined (0 events):
No events

Internal exceptions (20 events):
Event: 2.085 Thread 0x000001fdfbc9ff60 Exception <a 'java/lang/NoSuchMethodError'{0x000000008d6a7018}: 'java.lang.Object java.lang.invoke.Invokers$Holder.linkToTargetMethod(java.lang.Object, java.lang.Object, int, java.lang.Object)'> (0x000000008d6a7018) 
thrown [s\src\hotspot\share\interpreter\linkResolver.cpp, line 771]
Event: 2.431 Thread 0x000001fdfbc9ff60 Implicit null exception at 0x000001fd87c093ab to 0x000001fd87c0e894
Event: 2.823 Thread 0x000001fdfbc9ff60 Implicit null exception at 0x000001fd87c43d6a to 0x000001fd87c43f38
Event: 2.823 Thread 0x000001fdfbc9ff60 Implicit null exception at 0x000001fd87bbf36a to 0x000001fd87bbf524
Event: 2.855 Thread 0x000001fdfbc9ff60 Exception <a 'java/lang/NoSuchMethodError'{0x000000008db77ac0}: 'java.lang.Object java.lang.invoke.DirectMethodHandle$Holder.newInvokeSpecial(java.lang.Object, java.lang.Object, java.lang.Object, java.lang.Object, java.lang.Object)'> (0x000000008db77ac0) 
thrown [s\src\hotspot\share\interpreter\linkResolver.cpp, line 771]
Event: 3.025 Thread 0x000001fdfbc9ff60 Exception <a 'java/lang/NoSuchMethodError'{0x000000008d2cd3e8}: 'java.lang.Object java.lang.invoke.DirectMethodHandle$Holder.invokeStatic(java.lang.Object, java.lang.Object, java.lang.Object, java.lang.Object, int)'> (0x000000008d2cd3e8) 
thrown [s\src\hotspot\share\interpreter\linkResolver.cpp, line 771]
Event: 3.025 Thread 0x000001fdfbc9ff60 Exception <a 'java/lang/NoSuchMethodError'{0x000000008d2d6e28}: 'java.lang.Object java.lang.invoke.DirectMethodHandle$Holder.newInvokeSpecial(java.lang.Object, java.lang.Object, java.lang.Object, java.lang.Object, int)'> (0x000000008d2d6e28) 
thrown [s\src\hotspot\share\interpreter\linkResolver.cpp, line 771]
Event: 3.026 Thread 0x000001fdfbc9ff60 Exception <a 'java/lang/NoSuchMethodError'{0x000000008d2ded48}: 'java.lang.Object java.lang.invoke.Invokers$Holder.linkToTargetMethod(java.lang.Object, java.lang.Object, java.lang.Object, int, java.lang.Object)'> (0x000000008d2ded48) 
thrown [s\src\hotspot\share\interpreter\linkResolver.cpp, line 771]
Event: 3.057 Thread 0x000001fdfbc9ff60 Exception <a 'java/lang/NoSuchMethodError'{0x000000008d0237f0}: 'java.lang.Object java.lang.invoke.DirectMethodHandle$Holder.newInvokeSpecial(java.lang.Object, java.lang.Object, java.lang.Object, java.lang.Object, java.lang.Object, java.lang.Object)'> (0x000000008d0237f0) 
thrown [s\src\hotspot\share\interpreter\linkResolver.cpp, line 771]
Event: 3.114 Thread 0x000001fdfbc9ff60 Implicit null exception at 0x000001fd87c608ae to 0x000001fd87c60ca4
Event: 3.119 Thread 0x000001fdfbc9ff60 Implicit null exception at 0x000001fd87bd36cc to 0x000001fd87bd37a8
Event: 3.244 Thread 0x000001fdfbc9ff60 Exception <a 'java/lang/NoSuchMethodError'{0x000000008d332c20}: 'java.lang.Object java.lang.invoke.DirectMethodHandle$Holder.newInvokeSpecial(java.lang.Object, int, java.lang.Object)'> (0x000000008d332c20) 
thrown [s\src\hotspot\share\interpreter\linkResolver.cpp, line 771]
Event: 3.245 Thread 0x000001fdfbc9ff60 Exception <a 'java/lang/NoSuchMethodError'{0x000000008d339288}: 'int java.lang.invoke.DirectMethodHandle$Holder.invokeInterface(java.lang.Object, java.lang.Object)'> (0x000000008d339288) 
thrown [s\src\hotspot\share\interpreter\linkResolver.cpp, line 771]
Event: 3.308 Thread 0x000001fdfbc9ff60 Exception <a 'java/lang/NoSuchMethodError'{0x0000000090f1b450}: 'java.lang.Object java.lang.invoke.DirectMethodHandle$Holder.newInvokeSpecial(java.lang.Object, java.lang.Object, java.lang.Object, java.lang.Object, java.lang.Object, java.lang.Object, java.lang.Object, java.lang.Object)'> (0x0000000090f1b450) 
thrown [s\src\hotspot\share\interpreter\linkResolver.cpp, line 771]
Event: 3.308 Thread 0x000001fdfbc9ff60 Exception <a 'java/lang/NoSuchMethodError'{0x0000000090f20a68}: 'java.lang.Object java.lang.invoke.DirectMethodHandle$Holder.invokeSpecial(java.lang.Object, java.lang.Object, java.lang.Object, java.lang.Object, java.lang.Object, java.lang.Object, java.lang.Object, java.lang.Object, java.lang.Object)'> (0x0000000090f20a68) 
thrown [s\src\hotspot\share\interpreter\linkResolver.cpp, line 771]
Event: 3.308 Thread 0x000001fdfbc9ff60 Exception <a 'java/lang/NoSuchMethodError'{0x0000000090f25998}: 'java.lang.Object java.lang.invoke.Invokers$Holder.linkToTargetMethod(java.lang.Object, java.lang.Object, java.lang.Object, java.lang.Object, java.lang.Object, java.lang.Object, java.lang.Object, java.lang.Object)'> (0x0000000090f25998) 
thrown [s\src\hotspot\share\interpreter\linkResolver.cpp, line 771]
Event: 3.648 Thread 0x000001fdfbc9ff60 Exception <a 'java/lang/NoSuchMethodError'{0x000000008d59da48}: 'int java.lang.invoke.DirectMethodHandle$Holder.invokeStaticInit(java.lang.Object, int)'> (0x000000008d59da48) 
thrown [s\src\hotspot\share\interpreter\linkResolver.cpp, line 771]
Event: 3.664 Thread 0x000001fdfbc9ff60 Exception <a 'java/lang/NoSuchMethodError'{0x000000008d4742c8}: 'java.lang.Object java.lang.invoke.DirectMethodHandle$Holder.newInvokeSpecial(java.lang.Object, int, java.lang.Object, java.lang.Object)'> (0x000000008d4742c8) 
thrown [s\src\hotspot\share\interpreter\linkResolver.cpp, line 771]
Event: 4.022 Thread 0x000001fdfbc9ff60 Implicit null exception at 0x000001fd87b1c88f to 0x000001fd87b1c905
Event: 4.554 Thread 0x000001fdfbc9ff60 Exception <a 'java/lang/NoSuchMethodError'{0x0000000090fa0d28}: 'void java.lang.invoke.DirectMethodHandle$Holder.invokeInterface(java.lang.Object, java.lang.Object)'> (0x0000000090fa0d28) 
thrown [s\src\hotspot\share\interpreter\linkResolver.cpp, line 771]

VM Operations (20 events):
Event: 4.326 Executing VM operation: G1CollectForAllocation done
Event: 4.354 Executing VM operation: G1Concurrent
Event: 4.361 Executing VM operation: G1Concurrent done
Event: 4.372 Executing VM operation: G1CollectForAllocation
Event: 4.377 Executing VM operation: G1CollectForAllocation done
Event: 4.377 Executing VM operation: G1Concurrent
Event: 4.377 Executing VM operation: G1Concurrent done
Event: 4.460 Executing VM operation: G1CollectForAllocation
Event: 4.462 Executing VM operation: G1CollectForAllocation done
Event: 4.495 Executing VM operation: HandshakeAllThreads
Event: 4.495 Executing VM operation: HandshakeAllThreads done
Event: 4.510 Executing VM operation: HandshakeAllThreads
Event: 4.511 Executing VM operation: HandshakeAllThreads done
Event: 4.511 Executing VM operation: HandshakeAllThreads
Event: 4.511 Executing VM operation: HandshakeAllThreads done
Event: 4.537 Executing VM operation: HandshakeAllThreads
Event: 4.537 Executing VM operation: HandshakeAllThreads done
Event: 4.551 Executing VM operation: HandshakeAllThreads
Event: 4.551 Executing VM operation: HandshakeAllThreads done
Event: 4.566 Executing VM operation: G1CollectForAllocation

Events (20 events):
Event: 4.557 loading class java/util/stream/Node$OfPrimitive
Event: 4.557 loading class java/util/stream/Node$OfPrimitive done
Event: 4.557 loading class java/util/stream/Node$OfInt done
Event: 4.557 loading class java/util/stream/Nodes$EmptyNode$OfInt done
Event: 4.557 loading class java/util/stream/Nodes$EmptyNode$OfLong
Event: 4.557 loading class java/util/stream/Node$OfLong
Event: 4.557 loading class java/util/stream/Node$OfLong done
Event: 4.558 loading class java/util/stream/Nodes$EmptyNode$OfLong done
Event: 4.558 loading class java/util/stream/Nodes$EmptyNode$OfDouble
Event: 4.558 loading class java/util/stream/Node$OfDouble
Event: 4.558 loading class java/util/stream/Node$OfDouble done
Event: 4.558 loading class java/util/stream/Nodes$EmptyNode$OfDouble done
Event: 4.558 loading class java/util/stream/Nodes$SpinedNodeBuilder
Event: 4.558 loading class java/util/stream/Node$Builder
Event: 4.558 loading class java/util/stream/Node$Builder done
Event: 4.558 loading class java/util/stream/SpinedBuffer
Event: 4.558 loading class java/util/stream/AbstractSpinedBuffer
Event: 4.558 loading class java/util/stream/AbstractSpinedBuffer done
Event: 4.558 loading class java/util/stream/SpinedBuffer done
Event: 4.558 loading class java/util/stream/Nodes$SpinedNodeBuilder done


Dynamic libraries:
0x00007ff7f9e50000 - 0x00007ff7f9e5a000 	C:\Program Files\Android\Android Studio\jbr\bin\java.exe
0x00007ffbb2f50000 - 0x00007ffbb3167000 	C:\WINDOWS\SYSTEM32\ntdll.dll
0x00007ffbb1ab0000 - 0x00007ffbb1b74000 	C:\WINDOWS\System32\KERNEL32.DLL
0x00007ffbb0500000 - 0x00007ffbb08ac000 	C:\WINDOWS\System32\KERNELBASE.dll
0x00007ffbb0b70000 - 0x00007ffbb0c81000 	C:\WINDOWS\System32\ucrtbase.dll
0x00007ffb9da20000 - 0x00007ffb9da37000 	C:\Program Files\Android\Android Studio\jbr\bin\jli.dll
0x00007ffb85800000 - 0x00007ffb8581b000 	C:\Program Files\Android\Android Studio\jbr\bin\VCRUNTIME140.dll
0x00007ffbb2490000 - 0x00007ffbb263e000 	C:\WINDOWS\System32\USER32.dll
0x00007ffb9c6a0000 - 0x00007ffb9c933000 	C:\WINDOWS\WinSxS\amd64_microsoft.windows.common-controls_6595b64144ccf1df_6.0.22621.3672_none_2713b9d173822955\COMCTL32.dll
0x00007ffbb08b0000 - 0x00007ffbb08d6000 	C:\WINDOWS\System32\win32u.dll
0x00007ffbb2460000 - 0x00007ffbb2489000 	C:\WINDOWS\System32\GDI32.dll
0x00007ffbb0a50000 - 0x00007ffbb0b69000 	C:\WINDOWS\System32\gdi32full.dll
0x00007ffbb0280000 - 0x00007ffbb031a000 	C:\WINDOWS\System32\msvcp_win.dll
0x00007ffbb1900000 - 0x00007ffbb19a7000 	C:\WINDOWS\System32\msvcrt.dll
0x00007ffbb2230000 - 0x00007ffbb2261000 	C:\WINDOWS\System32\IMM32.DLL
0x00007ffb88180000 - 0x00007ffb8818c000 	C:\Program Files\Android\Android Studio\jbr\bin\vcruntime140_1.dll
0x00007ffb4b130000 - 0x00007ffb4b1bd000 	C:\Program Files\Android\Android Studio\jbr\bin\msvcp140.dll
0x00007ffb10170000 - 0x00007ffb10df0000 	C:\Program Files\Android\Android Studio\jbr\bin\server\jvm.dll
0x00007ffbb1b80000 - 0x00007ffbb1c32000 	C:\WINDOWS\System32\ADVAPI32.dll
0x00007ffbb1fe0000 - 0x00007ffbb208a000 	C:\WINDOWS\System32\sechost.dll
0x00007ffbb09a0000 - 0x00007ffbb09c8000 	C:\WINDOWS\System32\bcrypt.dll
0x00007ffbb2110000 - 0x00007ffbb2225000 	C:\WINDOWS\System32\RPCRT4.dll
0x00007ffbab4c0000 - 0x00007ffbab4f4000 	C:\WINDOWS\SYSTEM32\WINMM.dll
0x00007ffbab0f0000 - 0x00007ffbab0fa000 	C:\WINDOWS\SYSTEM32\VERSION.dll
0x00007ffba8890000 - 0x00007ffba8899000 	C:\WINDOWS\SYSTEM32\WSOCK32.dll
0x00007ffbb1a30000 - 0x00007ffbb1aa1000 	C:\WINDOWS\System32\WS2_32.dll
0x00007ffbaf360000 - 0x00007ffbaf378000 	C:\WINDOWS\SYSTEM32\kernel.appcore.dll
0x00007ffba8880000 - 0x00007ffba888a000 	C:\Program Files\Android\Android Studio\jbr\bin\jimage.dll
0x00007ffbadd10000 - 0x00007ffbadf42000 	C:\WINDOWS\SYSTEM32\DBGHELP.DLL
0x00007ffbb1c50000 - 0x00007ffbb1fd8000 	C:\WINDOWS\System32\combase.dll
0x00007ffbb2270000 - 0x00007ffbb2347000 	C:\WINDOWS\System32\OLEAUT32.dll
0x00007ffba5360000 - 0x00007ffba5392000 	C:\WINDOWS\SYSTEM32\dbgcore.DLL
0x00007ffbb09d0000 - 0x00007ffbb0a4b000 	C:\WINDOWS\System32\bcryptPrimitives.dll
0x00007ffba25c0000 - 0x00007ffba25e5000 	C:\Program Files\Android\Android Studio\jbr\bin\java.dll
0x00007ffba2560000 - 0x00007ffba2578000 	C:\Program Files\Android\Android Studio\jbr\bin\zip.dll
0x00007ffbb26b0000 - 0x00007ffbb2f0c000 	C:\WINDOWS\System32\SHELL32.dll
0x00007ffbae190000 - 0x00007ffbaea87000 	C:\WINDOWS\SYSTEM32\windows.storage.dll
0x00007ffbadbd0000 - 0x00007ffbadd0f000 	C:\WINDOWS\SYSTEM32\wintypes.dll
0x00007ffbb1610000 - 0x00007ffbb1704000 	C:\WINDOWS\System32\SHCORE.dll
0x00007ffbb19d0000 - 0x00007ffbb1a2e000 	C:\WINDOWS\System32\shlwapi.dll
0x00007ffbb01b0000 - 0x00007ffbb01d1000 	C:\WINDOWS\SYSTEM32\profapi.dll
0x00007ffba2540000 - 0x00007ffba2559000 	C:\Program Files\Android\Android Studio\jbr\bin\net.dll
0x00007ffbac6e0000 - 0x00007ffbac816000 	C:\WINDOWS\SYSTEM32\WINHTTP.dll
0x00007ffbaf7c0000 - 0x00007ffbaf829000 	C:\WINDOWS\system32\mswsock.dll
0x00007ffba2520000 - 0x00007ffba2536000 	C:\Program Files\Android\Android Studio\jbr\bin\nio.dll
0x00007ffba8870000 - 0x00007ffba8880000 	C:\Program Files\Android\Android Studio\jbr\bin\verify.dll

dbghelp: loaded successfully - version: 4.0.5 - missing functions: none
symbol engine: initialized successfully - sym options: 0x614 - pdb path: .;C:\Program Files\Android\Android Studio\jbr\bin;C:\WINDOWS\SYSTEM32;C:\WINDOWS\WinSxS\amd64_microsoft.windows.common-controls_6595b64144ccf1df_6.0.22621.3672_none_2713b9d173822955;C:\Program Files\Android\Android Studio\jbr\bin\server

VM Arguments:
java_command: org.jetbrains.kotlin.cli.jvm.K2JVMCompiler @C:\Users\62812\AndroidStudioProjects\SkinWise\app\build\20240613_2940373365946277185.compiler.options
java_class_path (initial): C:\Users\62812\.gradle\caches\modules-2\files-2.1\org.jetbrains.kotlin\kotlin-compiler-embeddable\1.9.22\9cd4dc7773cf2a99ecd961a88fbbc9a2da3fb5e1\kotlin-compiler-embeddable-1.9.22.jar;C:\Users\62812\.gradle\caches\modules-2\files-2.1\org.jetbrains.kotlin\kotlin-stdlib\1.9.22\d6c44cd08d8f3f9bece8101216dbe6553365c6e3\kotlin-stdlib-1.9.22.jar;C:\Users\62812\.gradle\caches\modules-2\files-2.1\org.jetbrains.kotlin\kotlin-script-runtime\1.9.22\f8139a46fc677ec9badc49ae954392f4f5e7e7c7\kotlin-script-runtime-1.9.22.jar;C:\Users\62812\.gradle\caches\modules-2\files-2.1\org.jetbrains.kotlin\kotlin-reflect\1.6.10\1cbe9c92c12a94eea200d23c2bbaedaf3daf5132\kotlin-reflect-1.6.10.jar;C:\Users\62812\.gradle\caches\modules-2\files-2.1\org.jetbrains.kotlin\kotlin-daemon-embeddable\1.9.22\20e2c5df715f3240c765cfc222530e2796542021\kotlin-daemon-embeddable-1.9.22.jar;C:\Users\62812\.gradle\caches\modules-2\files-2.1\org.jetbrains.intellij.deps\trove4j\1.0.20200330\3afb14d5f9ceb459d724e907a21145e8ff394f02\trove4j-1.0.20200330.jar;C:\Users\62812\.gradle\caches\modules-2\files-2.1\org.jetbrains\annotations\13.0\919f0dfe192fb4e063e7dacadee7f8bb9a2672a9\annotations-13.0.jar
Launcher Type: SUN_STANDARD

[Global flags]
     intx CICompilerCount                          = 4                                         {product} {ergonomic}
     uint ConcGCThreads                            = 3                                         {product} {ergonomic}
     uint G1ConcRefinementThreads                  = 10                                        {product} {ergonomic}
   size_t G1HeapRegionSize                         = 1048576                                   {product} {ergonomic}
    uintx GCDrainStackTargetSize                   = 64                                        {product} {ergonomic}
   size_t InitialHeapSize                          = 125829120                                 {product} {ergonomic}
   size_t MarkStackSize                            = 4194304                                   {product} {ergonomic}
   size_t MaxHeapSize                              = 1988100096                                {product} {ergonomic}
   size_t MaxNewSize                               = 1192230912                                {product} {ergonomic}
   size_t MinHeapDeltaBytes                        = 1048576                                   {product} {ergonomic}
   size_t MinHeapSize                              = 8388608                                   {product} {ergonomic}
    uintx NonNMethodCodeHeapSize                   = 5839372                                {pd product} {ergonomic}
    uintx NonProfiledCodeHeapSize                  = 122909434                              {pd product} {ergonomic}
    uintx ProfiledCodeHeapSize                     = 122909434                              {pd product} {ergonomic}
    uintx ReservedCodeCacheSize                    = 251658240                              {pd product} {ergonomic}
     bool SegmentedCodeCache                       = true                                      {product} {ergonomic}
   size_t SoftMaxHeapSize                          = 1988100096                             {manageable} {ergonomic}
     bool UseCompressedClassPointers               = true                           {product lp64_product} {ergonomic}
     bool UseCompressedOops                        = true                           {product lp64_product} {ergonomic}
     bool UseG1GC                                  = true                                      {product} {ergonomic}
     bool UseLargePagesIndividualAllocation        = false                                  {pd product} {ergonomic}

Logging:
Log output configuration:
 #0: stdout all=warning uptime,level,tags
 #1: stderr all=off uptime,level,tags

Environment Variables:
JAVA_HOME=C:\Program Files\Java\jdk-21
PATH=C:\Program Files\Common Files\Oracle\Java\javapath;C:\Program Files (x86)\Common Files\Oracle\Java\java8path;C:\Program Files (x86)\Common Files\Oracle\Java\javapath;C:\Program Files\Zulu\zulu-8\bin\;C:\Program Files\ImageMagick-7.1.1-Q16-HDRI;C:\Windows\system32;C:\Windows;C:\Windows\System32\Wbem;C:\Windows\System32\WindowsPowerShell\v1.0\;C:\Windows\System32\OpenSSH\;C:\Program Files (x86)\NVIDIA Corporation\PhysX\Common;C:\Program Files\NVIDIA Corporation\NVIDIA NvDLISR;C:\WINDOWS\system32;C:\WINDOWS;C:\WINDOWS\System32\Wbem;C:\WINDOWS\System32\WindowsPowerShell\v1.0\;C:\WINDOWS\System32\OpenSSH\;C:\Users\62812\anaconda3\Scripts\;C:\Users\62812\anaconda3\;C:\msys64\mingw64\bin;C:\Program Files\Docker\Docker\resources\bin;C:\xampp\php;C:\Program Files\Git\cmd;C:\Users\62812\AppData\Local\Android\Sdk\platform-tools;C:\Program Files\gs\gs10.02.1\bin;C:\gradle-8.6\bin;C:\ProgramData\ComposerSetup\bin;C:\xampp\php\ext;C:\Users\62812\AppData\Roaming\nvm;C:\Program Files\nodejs;C:\Users\62812\AppData\Roaming\nvm;C:\Users\62812\AppData\Local\Microsoft\WindowsApps;C:\Users\62812\AppData\Local\Programs\Microsoft VS Code\bin;C:\MinGW\bin;C:\xampp\php;C:\Users\62812\AppData\Roaming\npm;C:\Users\62812\AppData\Local\Android\Sdk\platform-tools;C:\Program Files\JetBrains\IntelliJ IDEA 2023.3.4\bin;;C:\Program Files\JetBrains\IntelliJ IDEA Community Edition 2023.3.4\bin;;C:\Users\62812\AppData\Roaming\Composer\vendor\bin;C:\xampp\php\ext;C:\Users\62812\AppData\Roaming\nvm;C:\Program Files\nodejs
USERNAME=62812
OS=Windows_NT
PROCESSOR_IDENTIFIER=AMD64 Family 25 Model 80 Stepping 0, AuthenticAMD
TMP=C:\Users\62812\AppData\Local\Temp
TEMP=C:\Users\62812\AppData\Local\Temp


JNI global refs:
JNI global refs: 9, weak refs: 0

JNI global refs memory usage: 843, weak refs: 841

OOME stack traces (most recent first):
Classloader memory used:
Loader jdk.internal.loader.ClassLoaders$AppClassLoader                                 : 5630K
Loader bootstrap                                                                       : 1335K
Loader java.net.URLClassLoader                                                         : 17090B
Loader jdk.internal.reflect.DelegatingClassLoader                                      : 16018B


---------------  S Y S T E M  ---------------

OS:
 Windows 11 , 64 bit Build 22621 (10.0.22621.3672)
OS uptime: 0 days 3:21 hours
Hyper-V role detected

CPU: total 12 (initial active 12) (12 cores per cpu, 2 threads per core) family 25 model 80 stepping 0 microcode 0x0, cx8, cmov, fxsr, ht, mmx, 3dnowpref, sse, sse2, sse3, ssse3, sse4a, sse4.1, sse4.2, popcnt, lzcnt, tsc, tscinvbit, avx, avx2, aes, erms, clmul, bmi1, bmi2, adx, sha, fma, vzeroupper, clflush, clflushopt, hv

Memory: 4k page, system-wide physical 7583M (557M free)
TotalPageFile size 23474M (AvailPageFile size 111M)
current process WorkingSet (physical memory assigned to process): 287M, peak: 291M
current process commit charge ("private bytes"): 327M, peak: 452M

vm_info: OpenJDK 64-Bit Server VM (17.0.7+0-b2043.56-10550314) for windows-amd64 JRE (17.0.7+0-b2043.56-10550314), built on Jul 24 2023 18:27:45 by "androidbuild" with MS VC++ 16.10 / 16.11 (VS2019)

END.
